{"/home/travis/build/npmtest/node-npmtest-selectn/test.js":{"path":"/home/travis/build/npmtest/node-npmtest-selectn/test.js","s":{"1":2,"2":2,"3":2,"4":2,"5":2,"6":2,"7":2,"8":1,"9":2,"10":2,"11":1,"12":1,"13":1,"14":1,"15":2,"16":2,"17":2,"18":2,"19":1,"20":1,"21":2,"22":2,"23":2,"24":1,"25":1,"26":1,"27":1,"28":1,"29":1,"30":1,"31":1,"32":1,"33":1,"34":1,"35":1,"36":1,"37":1,"38":1,"39":2,"40":2,"41":1,"42":2,"43":2,"44":1,"45":2,"46":2,"47":1,"48":2,"49":2,"50":1,"51":1,"52":1,"53":1,"54":1},"b":{"1":[2,1,1,1],"2":[1,1,1,1],"3":[1,1],"4":[1,1],"5":[1,1],"6":[1,1],"7":[1,1],"8":[1,1],"9":[1,1],"10":[1,1,1],"11":[1,1],"12":[1,1],"13":[1,1],"14":[1,1],"15":[1,1],"16":[1,1],"17":[1,1]},"f":{"1":2,"2":2,"3":2,"4":2,"5":2,"6":1,"7":1,"8":1,"9":2,"10":2,"11":2,"12":2,"13":1},"fnMap":{"1":{"name":"(anonymous_1)","line":12,"loc":{"start":{"line":12,"column":1},"end":{"line":12,"column":13}}},"2":{"name":"(anonymous_2)","line":19,"loc":{"start":{"line":19,"column":5},"end":{"line":19,"column":17}}},"3":{"name":"(anonymous_3)","line":23,"loc":{"start":{"line":23,"column":24},"end":{"line":23,"column":36}}},"4":{"name":"(anonymous_4)","line":61,"loc":{"start":{"line":61,"column":5},"end":{"line":61,"column":17}}},"5":{"name":"(anonymous_5)","line":82,"loc":{"start":{"line":82,"column":5},"end":{"line":82,"column":17}}},"6":{"name":"(anonymous_6)","line":91,"loc":{"start":{"line":91,"column":77},"end":{"line":94,"column":10}}},"7":{"name":"(anonymous_7)","line":112,"loc":{"start":{"line":112,"column":83},"end":{"line":115,"column":10}},"skip":true},"8":{"name":"(anonymous_8)","line":123,"loc":{"start":{"line":123,"column":77},"end":{"line":126,"column":10}},"skip":true},"9":{"name":"(anonymous_9)","line":139,"loc":{"start":{"line":139,"column":12},"end":{"line":139,"column":40}},"skip":true},"10":{"name":"(anonymous_10)","line":147,"loc":{"start":{"line":147,"column":77},"end":{"line":150,"column":10}},"skip":true},"11":{"name":"(anonymous_11)","line":158,"loc":{"start":{"line":158,"column":83},"end":{"line":161,"column":10}},"skip":true},"12":{"name":"(anonymous_12)","line":169,"loc":{"start":{"line":169,"column":79},"end":{"line":172,"column":10}},"skip":true},"13":{"name":"(anonymous_13)","line":180,"loc":{"start":{"line":180,"column":75},"end":{"line":183,"column":10}},"skip":true}},"statementMap":{"1":{"start":{"line":12,"column":0},"end":{"line":195,"column":5}},"2":{"start":{"line":14,"column":4},"end":{"line":14,"column":14}},"3":{"start":{"line":19,"column":4},"end":{"line":56,"column":9}},"4":{"start":{"line":21,"column":8},"end":{"line":21,"column":19}},"5":{"start":{"line":23,"column":8},"end":{"line":35,"column":13}},"6":{"start":{"line":24,"column":12},"end":{"line":34,"column":13}},"7":{"start":{"line":25,"column":16},"end":{"line":28,"column":30}},"8":{"start":{"line":30,"column":16},"end":{"line":33,"column":27}},"9":{"start":{"line":37,"column":8},"end":{"line":39,"column":21}},"10":{"start":{"line":40,"column":8},"end":{"line":53,"column":9}},"11":{"start":{"line":43,"column":12},"end":{"line":46,"column":14}},"12":{"start":{"line":47,"column":12},"end":{"line":47,"column":18}},"13":{"start":{"line":50,"column":12},"end":{"line":51,"column":46}},"14":{"start":{"line":52,"column":12},"end":{"line":52,"column":18}},"15":{"start":{"line":55,"column":8},"end":{"line":55,"column":35}},"16":{"start":{"line":61,"column":4},"end":{"line":63,"column":9}},"17":{"start":{"line":62,"column":8},"end":{"line":62,"column":15}},"18":{"start":{"line":64,"column":4},"end":{"line":77,"column":5}},"19":{"start":{"line":70,"column":8},"end":{"line":70,"column":14}},"20":{"start":{"line":76,"column":8},"end":{"line":76,"column":14}},"21":{"start":{"line":82,"column":4},"end":{"line":84,"column":9}},"22":{"start":{"line":83,"column":8},"end":{"line":83,"column":15}},"23":{"start":{"line":85,"column":4},"end":{"line":194,"column":5}},"24":{"start":{"line":91,"column":8},"end":{"line":99,"column":10}},"25":{"start":{"line":98,"column":12},"end":{"line":98,"column":35}},"26":{"start":{"line":102,"column":8},"end":{"line":104,"column":63}},"27":{"start":{"line":105,"column":8},"end":{"line":105,"column":14}},"28":{"start":{"line":112,"column":8},"end":{"line":121,"column":10},"skip":true},"29":{"start":{"line":119,"column":12},"end":{"line":119,"column":55},"skip":true},"30":{"start":{"line":120,"column":12},"end":{"line":120,"column":48},"skip":true},"31":{"start":{"line":123,"column":8},"end":{"line":136,"column":10},"skip":true},"32":{"start":{"line":130,"column":12},"end":{"line":130,"column":76},"skip":true},"33":{"start":{"line":131,"column":12},"end":{"line":131,"column":73},"skip":true},"34":{"start":{"line":132,"column":12},"end":{"line":132,"column":74},"skip":true},"35":{"start":{"line":133,"column":12},"end":{"line":133,"column":79},"skip":true},"36":{"start":{"line":134,"column":12},"end":{"line":134,"column":25},"skip":true},"37":{"start":{"line":135,"column":12},"end":{"line":135,"column":45},"skip":true},"38":{"start":{"line":138,"column":8},"end":{"line":145,"column":14},"skip":true},"39":{"start":{"line":143,"column":16},"end":{"line":143,"column":29},"skip":true},"40":{"start":{"line":144,"column":16},"end":{"line":144,"column":55},"skip":true},"41":{"start":{"line":147,"column":8},"end":{"line":156,"column":10},"skip":true},"42":{"start":{"line":154,"column":12},"end":{"line":154,"column":25},"skip":true},"43":{"start":{"line":155,"column":12},"end":{"line":155,"column":45},"skip":true},"44":{"start":{"line":158,"column":8},"end":{"line":167,"column":10},"skip":true},"45":{"start":{"line":165,"column":12},"end":{"line":165,"column":25},"skip":true},"46":{"start":{"line":166,"column":12},"end":{"line":166,"column":48},"skip":true},"47":{"start":{"line":169,"column":8},"end":{"line":178,"column":10},"skip":true},"48":{"start":{"line":176,"column":12},"end":{"line":176,"column":25},"skip":true},"49":{"start":{"line":177,"column":12},"end":{"line":177,"column":46},"skip":true},"50":{"start":{"line":180,"column":8},"end":{"line":189,"column":10},"skip":true},"51":{"start":{"line":187,"column":12},"end":{"line":187,"column":94},"skip":true},"52":{"start":{"line":188,"column":12},"end":{"line":188,"column":48},"skip":true},"53":{"start":{"line":192,"column":8},"end":{"line":192,"column":35},"skip":true},"54":{"start":{"line":193,"column":8},"end":{"line":193,"column":14},"skip":true}},"branchMap":{"1":{"line":25,"type":"binary-expr","locations":[{"start":{"line":25,"column":23},"end":{"line":25,"column":62}},{"start":{"line":26,"column":20},"end":{"line":26,"column":70}},{"start":{"line":27,"column":20},"end":{"line":27,"column":71}},{"start":{"line":28,"column":20},"end":{"line":28,"column":29}}]},"2":{"line":30,"type":"binary-expr","locations":[{"start":{"line":30,"column":23},"end":{"line":30,"column":37}},{"start":{"line":31,"column":20},"end":{"line":31,"column":61}},{"start":{"line":32,"column":20},"end":{"line":32,"column":70}},{"start":{"line":33,"column":20},"end":{"line":33,"column":26}}]},"3":{"line":37,"type":"cond-expr","locations":[{"start":{"line":38,"column":14},"end":{"line":38,"column":20}},{"start":{"line":39,"column":14},"end":{"line":39,"column":20}}]},"4":{"line":40,"type":"switch","locations":[{"start":{"line":42,"column":8},"end":{"line":47,"column":18}},{"start":{"line":49,"column":8},"end":{"line":52,"column":18}}]},"5":{"line":44,"type":"binary-expr","locations":[{"start":{"line":44,"column":16},"end":{"line":44,"column":44}},{"start":{"line":44,"column":48},"end":{"line":44,"column":66}}]},"6":{"line":50,"type":"binary-expr","locations":[{"start":{"line":50,"column":21},"end":{"line":50,"column":49}},{"start":{"line":50,"column":53},"end":{"line":50,"column":72}}]},"7":{"line":64,"type":"switch","locations":[{"start":{"line":69,"column":4},"end":{"line":70,"column":14}},{"start":{"line":75,"column":4},"end":{"line":76,"column":14}}]},"8":{"line":85,"type":"switch","locations":[{"start":{"line":90,"column":4},"end":{"line":105,"column":14}},{"start":{"line":111,"column":4},"end":{"line":193,"column":14},"skip":true}]},"9":{"line":91,"type":"binary-expr","locations":[{"start":{"line":91,"column":42},"end":{"line":91,"column":73}},{"start":{"line":91,"column":77},"end":{"line":99,"column":9}}]},"10":{"line":102,"type":"binary-expr","locations":[{"start":{"line":102,"column":18},"end":{"line":102,"column":32}},{"start":{"line":103,"column":12},"end":{"line":103,"column":53}},{"start":{"line":104,"column":12},"end":{"line":104,"column":61}}]},"11":{"line":112,"type":"binary-expr","locations":[{"start":{"line":112,"column":45},"end":{"line":112,"column":79},"skip":true},{"start":{"line":112,"column":83},"end":{"line":121,"column":9},"skip":true}]},"12":{"line":123,"type":"binary-expr","locations":[{"start":{"line":123,"column":42},"end":{"line":123,"column":73},"skip":true},{"start":{"line":123,"column":77},"end":{"line":136,"column":9},"skip":true}]},"13":{"line":138,"type":"binary-expr","locations":[{"start":{"line":138,"column":48},"end":{"line":138,"column":85},"skip":true},{"start":{"line":139,"column":12},"end":{"line":145,"column":13},"skip":true}]},"14":{"line":147,"type":"binary-expr","locations":[{"start":{"line":147,"column":42},"end":{"line":147,"column":73},"skip":true},{"start":{"line":147,"column":77},"end":{"line":156,"column":9},"skip":true}]},"15":{"line":158,"type":"binary-expr","locations":[{"start":{"line":158,"column":45},"end":{"line":158,"column":79},"skip":true},{"start":{"line":158,"column":83},"end":{"line":167,"column":9},"skip":true}]},"16":{"line":169,"type":"binary-expr","locations":[{"start":{"line":169,"column":43},"end":{"line":169,"column":75},"skip":true},{"start":{"line":169,"column":79},"end":{"line":178,"column":9},"skip":true}]},"17":{"line":180,"type":"binary-expr","locations":[{"start":{"line":180,"column":41},"end":{"line":180,"column":71},"skip":true},{"start":{"line":180,"column":75},"end":{"line":189,"column":9},"skip":true}]}},"code":["/* istanbul instrument in package npmtest_selectn */","/*jslint","    bitwise: true,","    browser: true,","    maxerr: 8,","    maxlen: 96,","    node: true,","    nomen: true,","    regexp: true,","    stupid: true","*/","(function () {","    'use strict';","    var local;","","","","    // run shared js-env code - pre-init","    (function () {","        // init local","        local = {};","        // init modeJs","        local.modeJs = (function () {","            try {","                return typeof navigator.userAgent === 'string' &&","                    typeof document.querySelector('body') === 'object' &&","                    typeof XMLHttpRequest.prototype.open === 'function' &&","                    'browser';","            } catch (errorCaughtBrowser) {","                return module.exports &&","                    typeof process.versions.node === 'string' &&","                    typeof require('http').createServer === 'function' &&","                    'node';","            }","        }());","        // init global","        local.global = local.modeJs === 'browser'","            ? window","            : global;","        switch (local.modeJs) {","        // re-init local from window.local","        case 'browser':","            local = local.global.utility2.objectSetDefault(","                local.global.utility2_rollup || local.global.local,","                local.global.utility2","            );","            break;","        // re-init local from example.js","        case 'node':","            local = (local.global.utility2_rollup || require('utility2'))","                .requireExampleJsFromReadme();","            break;","        }","        // export local","        local.global.local = local;","    }());","","","","    // run shared js-env code - function","    (function () {","        return;","    }());","    switch (local.modeJs) {","","","","    // run browser js-env code - function","    case 'browser':","        break;","","","","    // run node js-env code - function","    case 'node':","        break;","    }","","","","    // run shared js-env code - post-init","    (function () {","        return;","    }());","    switch (local.modeJs) {","","","","    // run browser js-env code - post-init","    case 'browser':","        local.testCase_browser_nullCase = local.testCase_browser_nullCase || function (","            options,","            onError","        ) {","        /*","         * this function will test browsers's null-case handling-behavior-behavior","         */","            onError(null, options);","        };","","        // run tests","        local.nop(local.modeTest &&","            document.querySelector('#testRunButton1') &&","            document.querySelector('#testRunButton1').click());","        break;","","","","    // run node js-env code - post-init","    /* istanbul ignore next */","    case 'node':","        local.testCase_buildApidoc_default = local.testCase_buildApidoc_default || function (","            options,","            onError","        ) {","        /*","         * this function will test buildApidoc's default handling-behavior-behavior","         */","            options = { modulePathList: module.paths };","            local.buildApidoc(options, onError);","        };","","        local.testCase_buildApp_default = local.testCase_buildApp_default || function (","            options,","            onError","        ) {","        /*","         * this function will test buildApp's default handling-behavior-behavior","         */","            local.testCase_buildReadme_default(options, local.onErrorThrow);","            local.testCase_buildLib_default(options, local.onErrorThrow);","            local.testCase_buildTest_default(options, local.onErrorThrow);","            local.testCase_buildCustomOrg_default(options, local.onErrorThrow);","            options = [];","            local.buildApp(options, onError);","        };","","        local.testCase_buildCustomOrg_default = local.testCase_buildCustomOrg_default ||","            function (options, onError) {","            /*","             * this function will test buildCustomOrg's default handling-behavior","             */","                options = {};","                local.buildCustomOrg(options, onError);","            };","","        local.testCase_buildLib_default = local.testCase_buildLib_default || function (","            options,","            onError","        ) {","        /*","         * this function will test buildLib's default handling-behavior","         */","            options = {};","            local.buildLib(options, onError);","        };","","        local.testCase_buildReadme_default = local.testCase_buildReadme_default || function (","            options,","            onError","        ) {","        /*","         * this function will test buildReadme's default handling-behavior-behavior","         */","            options = {};","            local.buildReadme(options, onError);","        };","","        local.testCase_buildTest_default = local.testCase_buildTest_default || function (","            options,","            onError","        ) {","        /*","         * this function will test buildTest's default handling-behavior","         */","            options = {};","            local.buildTest(options, onError);","        };","","        local.testCase_webpage_default = local.testCase_webpage_default || function (","            options,","            onError","        ) {","        /*","         * this function will test webpage's default handling-behavior","         */","            options = { modeCoverageMerge: true, url: local.serverLocalHost + '?modeTest=1' };","            local.browserTest(options, onError);","        };","","        // run test-server","        local.testRunServer(local);","        break;","    }","}());",""],"l":{"12":2,"14":2,"19":2,"21":2,"23":2,"24":2,"25":2,"30":1,"37":2,"40":2,"43":1,"47":1,"50":1,"52":1,"55":2,"61":2,"62":2,"64":2,"70":1,"76":1,"82":2,"83":2,"85":2,"91":1,"98":1,"102":1,"105":1,"112":1,"119":1,"120":1,"123":1,"130":1,"131":1,"132":1,"133":1,"134":1,"135":1,"138":1,"143":2,"144":2,"147":1,"154":2,"155":2,"158":1,"165":2,"166":2,"169":1,"176":2,"177":2,"180":1,"187":1,"188":1,"192":1,"193":1}},"/home/travis/build/npmtest/node-npmtest-selectn/lib.npmtest_selectn.js":{"path":"/home/travis/build/npmtest/node-npmtest-selectn/lib.npmtest_selectn.js","s":{"1":2,"2":2,"3":2,"4":2,"5":2,"6":2,"7":2,"8":1,"9":2,"10":2,"11":2,"12":2,"13":1,"14":1,"15":1,"16":1},"b":{"1":[2,1,1,1],"2":[1,1,1,1],"3":[1,1],"4":[2,2],"5":[1,1]},"f":{"1":2,"2":2,"3":2},"fnMap":{"1":{"name":"(anonymous_1)","line":12,"loc":{"start":{"line":12,"column":1},"end":{"line":12,"column":13}}},"2":{"name":"(anonymous_2)","line":19,"loc":{"start":{"line":19,"column":5},"end":{"line":19,"column":17}}},"3":{"name":"(anonymous_3)","line":23,"loc":{"start":{"line":23,"column":24},"end":{"line":23,"column":36}}}},"statementMap":{"1":{"start":{"line":12,"column":0},"end":{"line":53,"column":5}},"2":{"start":{"line":14,"column":4},"end":{"line":14,"column":14}},"3":{"start":{"line":19,"column":4},"end":{"line":52,"column":9}},"4":{"start":{"line":21,"column":8},"end":{"line":21,"column":19}},"5":{"start":{"line":23,"column":8},"end":{"line":35,"column":13}},"6":{"start":{"line":24,"column":12},"end":{"line":34,"column":13}},"7":{"start":{"line":25,"column":16},"end":{"line":28,"column":30}},"8":{"start":{"line":30,"column":16},"end":{"line":33,"column":27}},"9":{"start":{"line":37,"column":8},"end":{"line":39,"column":21}},"10":{"start":{"line":41,"column":8},"end":{"line":41,"column":54}},"11":{"start":{"line":43,"column":8},"end":{"line":43,"column":52}},"12":{"start":{"line":45,"column":8},"end":{"line":51,"column":9}},"13":{"start":{"line":46,"column":12},"end":{"line":46,"column":58}},"14":{"start":{"line":48,"column":12},"end":{"line":48,"column":35}},"15":{"start":{"line":49,"column":12},"end":{"line":49,"column":49}},"16":{"start":{"line":50,"column":12},"end":{"line":50,"column":43}}},"branchMap":{"1":{"line":25,"type":"binary-expr","locations":[{"start":{"line":25,"column":23},"end":{"line":25,"column":62}},{"start":{"line":26,"column":20},"end":{"line":26,"column":70}},{"start":{"line":27,"column":20},"end":{"line":27,"column":71}},{"start":{"line":28,"column":20},"end":{"line":28,"column":29}}]},"2":{"line":30,"type":"binary-expr","locations":[{"start":{"line":30,"column":23},"end":{"line":30,"column":37}},{"start":{"line":31,"column":20},"end":{"line":31,"column":61}},{"start":{"line":32,"column":20},"end":{"line":32,"column":70}},{"start":{"line":33,"column":20},"end":{"line":33,"column":26}}]},"3":{"line":37,"type":"cond-expr","locations":[{"start":{"line":38,"column":14},"end":{"line":38,"column":20}},{"start":{"line":39,"column":14},"end":{"line":39,"column":20}}]},"4":{"line":41,"type":"binary-expr","locations":[{"start":{"line":41,"column":16},"end":{"line":41,"column":44}},{"start":{"line":41,"column":48},"end":{"line":41,"column":53}}]},"5":{"line":45,"type":"if","locations":[{"start":{"line":45,"column":8},"end":{"line":45,"column":8}},{"start":{"line":45,"column":8},"end":{"line":45,"column":8}}]}},"code":["/* istanbul instrument in package npmtest_selectn */","/*jslint","    bitwise: true,","    browser: true,","    maxerr: 8,","    maxlen: 96,","    node: true,","    nomen: true,","    regexp: true,","    stupid: true","*/","(function () {","    'use strict';","    var local;","","","","    // run shared js-env code - pre-init","    (function () {","        // init local","        local = {};","        // init modeJs","        local.modeJs = (function () {","            try {","                return typeof navigator.userAgent === 'string' &&","                    typeof document.querySelector('body') === 'object' &&","                    typeof XMLHttpRequest.prototype.open === 'function' &&","                    'browser';","            } catch (errorCaughtBrowser) {","                return module.exports &&","                    typeof process.versions.node === 'string' &&","                    typeof require('http').createServer === 'function' &&","                    'node';","            }","        }());","        // init global","        local.global = local.modeJs === 'browser'","            ? window","            : global;","        // init utility2_rollup","        local = local.global.utility2_rollup || local;","        // init lib","        local.local = local.npmtest_selectn = local;","        // init exports","        if (local.modeJs === 'browser') {","            local.global.utility2_npmtest_selectn = local;","        } else {","            module.exports = local;","            module.exports.__dirname = __dirname;","            module.exports.module = module;","        }","    }());","}());",""],"l":{"12":2,"14":2,"19":2,"21":2,"23":2,"24":2,"25":2,"30":1,"37":2,"41":2,"43":2,"45":2,"46":1,"48":1,"49":1,"50":1}},"/home/travis/build/npmtest/node-npmtest-selectn/example.js":{"path":"/home/travis/build/npmtest/node-npmtest-selectn/example.js","s":{"1":2,"2":2,"3":2,"4":2,"5":2,"6":2,"7":2,"8":1,"9":2,"10":2,"11":2,"12":2,"13":1,"14":2,"15":2,"16":2,"17":2,"18":2,"19":0,"20":2,"21":1,"22":1,"23":1,"24":1,"25":1,"26":0,"27":0,"28":1,"29":1,"30":2,"31":0,"32":0,"33":0,"34":1,"35":2,"36":2,"37":3,"38":3,"39":3,"40":3,"41":0,"42":3,"43":3,"44":3,"45":1,"46":3,"47":1,"48":1,"49":1,"50":1,"51":1,"52":1,"53":1,"54":1,"55":1,"56":1,"57":0,"58":1,"59":6,"60":6,"61":1,"62":2,"63":0,"64":2,"65":1,"66":1,"67":0,"68":0,"69":0,"70":0,"71":0,"72":0,"73":0,"74":0,"75":0,"76":0,"77":0,"78":0,"79":0,"80":0,"81":0,"82":0,"83":0},"b":{"1":[2,1,1,1],"2":[1,1,1,1],"3":[1,1],"4":[2,2],"5":[1,1],"6":[1,1],"7":[2,0],"8":[2,1,1,1,1,1],"9":[0,2,0],"10":[1,1],"11":[2,1,1],"12":[1,0],"13":[0,2],"14":[2,0,0,0,0,0,0],"15":[0,3],"16":[3,0],"17":[1,1],"18":[0,1],"19":[1,2,0,2],"20":[1,0],"21":[1,1],"22":[0,0],"23":[0,0],"24":[0,0],"25":[0,0],"26":[0,0],"27":[0,0],"28":[0,0]},"f":{"1":2,"2":2,"3":2,"4":2,"5":2,"6":2,"7":3,"8":3,"9":3,"10":1,"11":6,"12":0},"fnMap":{"1":{"name":"(anonymous_1)","line":26,"loc":{"start":{"line":26,"column":1},"end":{"line":26,"column":13}}},"2":{"name":"(anonymous_2)","line":33,"loc":{"start":{"line":33,"column":5},"end":{"line":33,"column":17}}},"3":{"name":"(anonymous_3)","line":37,"loc":{"start":{"line":37,"column":24},"end":{"line":37,"column":36}}},"4":{"name":"(anonymous_4)","line":69,"loc":{"start":{"line":69,"column":31},"end":{"line":69,"column":48}},"skip":true},"5":{"name":"(anonymous_5)","line":78,"loc":{"start":{"line":78,"column":26},"end":{"line":78,"column":45}},"skip":true},"6":{"name":"(anonymous_6)","line":123,"loc":{"start":{"line":123,"column":33},"end":{"line":123,"column":48}},"skip":true},"7":{"name":"(anonymous_7)","line":125,"loc":{"start":{"line":125,"column":27},"end":{"line":125,"column":39}},"skip":true},"8":{"name":"(anonymous_8)","line":133,"loc":{"start":{"line":133,"column":59},"end":{"line":133,"column":74}},"skip":true},"9":{"name":"(anonymous_9)","line":143,"loc":{"start":{"line":143,"column":45},"end":{"line":143,"column":62}},"skip":true},"10":{"name":"(anonymous_10)","line":144,"loc":{"start":{"line":144,"column":73},"end":{"line":144,"column":92}},"skip":true},"11":{"name":"(anonymous_11)","line":272,"loc":{"start":{"line":272,"column":51},"end":{"line":272,"column":77}},"skip":true},"12":{"name":"(anonymous_12)","line":315,"loc":{"start":{"line":315,"column":32},"end":{"line":315,"column":61}},"skip":true}},"statementMap":{"1":{"start":{"line":26,"column":0},"end":{"line":326,"column":5}},"2":{"start":{"line":28,"column":4},"end":{"line":28,"column":14}},"3":{"start":{"line":33,"column":4},"end":{"line":60,"column":9}},"4":{"start":{"line":35,"column":8},"end":{"line":35,"column":19}},"5":{"start":{"line":37,"column":8},"end":{"line":49,"column":13}},"6":{"start":{"line":38,"column":12},"end":{"line":48,"column":13}},"7":{"start":{"line":39,"column":16},"end":{"line":42,"column":30}},"8":{"start":{"line":44,"column":16},"end":{"line":47,"column":27}},"9":{"start":{"line":51,"column":8},"end":{"line":53,"column":21}},"10":{"start":{"line":55,"column":8},"end":{"line":57,"column":45}},"11":{"start":{"line":59,"column":8},"end":{"line":59,"column":35}},"12":{"start":{"line":61,"column":4},"end":{"line":325,"column":5}},"13":{"start":{"line":69,"column":8},"end":{"line":121,"column":10},"skip":true},"14":{"start":{"line":70,"column":12},"end":{"line":88,"column":13},"skip":true},"15":{"start":{"line":76,"column":16},"end":{"line":87,"column":19},"skip":true},"16":{"start":{"line":79,"column":20},"end":{"line":86,"column":21},"skip":true},"17":{"start":{"line":82,"column":24},"end":{"line":82,"column":43},"skip":true},"18":{"start":{"line":83,"column":24},"end":{"line":83,"column":30},"skip":true},"19":{"start":{"line":85,"column":24},"end":{"line":85,"column":49},"skip":true},"20":{"start":{"line":89,"column":12},"end":{"line":107,"column":13},"skip":true},"21":{"start":{"line":92,"column":16},"end":{"line":102,"column":17},"skip":true},"22":{"start":{"line":93,"column":20},"end":{"line":93,"column":86},"skip":true},"23":{"start":{"line":94,"column":20},"end":{"line":95,"column":45},"skip":true},"24":{"start":{"line":96,"column":20},"end":{"line":96,"column":42},"skip":true},"25":{"start":{"line":97,"column":20},"end":{"line":97,"column":48},"skip":true},"26":{"start":{"line":100,"column":20},"end":{"line":100,"column":85},"skip":true},"27":{"start":{"line":101,"column":20},"end":{"line":101,"column":96},"skip":true},"28":{"start":{"line":103,"column":16},"end":{"line":103,"column":22},"skip":true},"29":{"start":{"line":106,"column":16},"end":{"line":106,"column":22},"skip":true},"30":{"start":{"line":108,"column":12},"end":{"line":120,"column":13},"skip":true},"31":{"start":{"line":114,"column":16},"end":{"line":119,"column":17},"skip":true},"32":{"start":{"line":116,"column":20},"end":{"line":116,"column":78},"skip":true},"33":{"start":{"line":118,"column":20},"end":{"line":118,"column":47},"skip":true},"34":{"start":{"line":123,"column":8},"end":{"line":141,"column":11},"skip":true},"35":{"start":{"line":124,"column":12},"end":{"line":124,"column":54},"skip":true},"36":{"start":{"line":125,"column":12},"end":{"line":140,"column":14},"skip":true},"37":{"start":{"line":126,"column":16},"end":{"line":126,"column":28},"skip":true},"38":{"start":{"line":127,"column":16},"end":{"line":127,"column":69},"skip":true},"39":{"start":{"line":128,"column":16},"end":{"line":128,"column":75},"skip":true},"40":{"start":{"line":129,"column":16},"end":{"line":131,"column":17},"skip":true},"41":{"start":{"line":130,"column":20},"end":{"line":130,"column":27},"skip":true},"42":{"start":{"line":133,"column":16},"end":{"line":137,"column":36},"skip":true},"43":{"start":{"line":134,"column":20},"end":{"line":136,"column":55},"skip":true},"44":{"start":{"line":139,"column":16},"end":{"line":139,"column":57},"skip":true},"45":{"start":{"line":143,"column":8},"end":{"line":147,"column":11},"skip":true},"46":{"start":{"line":144,"column":12},"end":{"line":146,"column":15},"skip":true},"47":{"start":{"line":145,"column":16},"end":{"line":145,"column":70},"skip":true},"48":{"start":{"line":149,"column":8},"end":{"line":149,"column":31},"skip":true},"49":{"start":{"line":150,"column":8},"end":{"line":150,"column":14},"skip":true},"50":{"start":{"line":158,"column":8},"end":{"line":158,"column":31},"skip":true},"51":{"start":{"line":160,"column":8},"end":{"line":160,"column":33},"skip":true},"52":{"start":{"line":161,"column":8},"end":{"line":161,"column":37},"skip":true},"53":{"start":{"line":162,"column":8},"end":{"line":162,"column":35},"skip":true},"54":{"start":{"line":164,"column":8},"end":{"line":164,"column":50},"skip":true},"55":{"start":{"line":166,"column":8},"end":{"line":256,"column":2},"skip":true},"56":{"start":{"line":258,"column":8},"end":{"line":286,"column":9},"skip":true},"57":{"start":{"line":259,"column":12},"end":{"line":269,"column":14},"skip":true},"58":{"start":{"line":271,"column":12},"end":{"line":285,"column":19},"skip":true},"59":{"start":{"line":274,"column":20},"end":{"line":274,"column":35},"skip":true},"60":{"start":{"line":275,"column":20},"end":{"line":284,"column":21},"skip":true},"61":{"start":{"line":277,"column":24},"end":{"line":277,"column":64},"skip":true},"62":{"start":{"line":279,"column":24},"end":{"line":279,"column":40},"skip":true},"63":{"start":{"line":281,"column":24},"end":{"line":281,"column":40},"skip":true},"64":{"start":{"line":283,"column":24},"end":{"line":283,"column":39},"skip":true},"65":{"start":{"line":288,"column":8},"end":{"line":290,"column":9},"skip":true},"66":{"start":{"line":289,"column":12},"end":{"line":289,"column":18},"skip":true},"67":{"start":{"line":291,"column":8},"end":{"line":293,"column":54},"skip":true},"68":{"start":{"line":296,"column":8},"end":{"line":301,"column":37},"skip":true},"69":{"start":{"line":303,"column":8},"end":{"line":303,"column":82},"skip":true},"70":{"start":{"line":306,"column":8},"end":{"line":308,"column":9},"skip":true},"71":{"start":{"line":307,"column":12},"end":{"line":307,"column":82},"skip":true},"72":{"start":{"line":310,"column":8},"end":{"line":312,"column":9},"skip":true},"73":{"start":{"line":311,"column":12},"end":{"line":311,"column":18},"skip":true},"74":{"start":{"line":313,"column":8},"end":{"line":313,"column":54},"skip":true},"75":{"start":{"line":314,"column":8},"end":{"line":314,"column":69},"skip":true},"76":{"start":{"line":315,"column":8},"end":{"line":323,"column":36},"skip":true},"77":{"start":{"line":316,"column":12},"end":{"line":316,"column":61},"skip":true},"78":{"start":{"line":317,"column":12},"end":{"line":320,"column":13},"skip":true},"79":{"start":{"line":318,"column":16},"end":{"line":318,"column":75},"skip":true},"80":{"start":{"line":319,"column":16},"end":{"line":319,"column":23},"skip":true},"81":{"start":{"line":321,"column":12},"end":{"line":321,"column":38},"skip":true},"82":{"start":{"line":322,"column":12},"end":{"line":322,"column":27},"skip":true},"83":{"start":{"line":324,"column":8},"end":{"line":324,"column":14},"skip":true}},"branchMap":{"1":{"line":39,"type":"binary-expr","locations":[{"start":{"line":39,"column":23},"end":{"line":39,"column":62}},{"start":{"line":40,"column":20},"end":{"line":40,"column":70}},{"start":{"line":41,"column":20},"end":{"line":41,"column":71}},{"start":{"line":42,"column":20},"end":{"line":42,"column":29}}]},"2":{"line":44,"type":"binary-expr","locations":[{"start":{"line":44,"column":23},"end":{"line":44,"column":37}},{"start":{"line":45,"column":20},"end":{"line":45,"column":61}},{"start":{"line":46,"column":20},"end":{"line":46,"column":70}},{"start":{"line":47,"column":20},"end":{"line":47,"column":26}}]},"3":{"line":51,"type":"cond-expr","locations":[{"start":{"line":52,"column":14},"end":{"line":52,"column":20}},{"start":{"line":53,"column":14},"end":{"line":53,"column":20}}]},"4":{"line":55,"type":"binary-expr","locations":[{"start":{"line":55,"column":16},"end":{"line":55,"column":44}},{"start":{"line":55,"column":49},"end":{"line":57,"column":43}}]},"5":{"line":55,"type":"cond-expr","locations":[{"start":{"line":56,"column":14},"end":{"line":56,"column":51}},{"start":{"line":57,"column":14},"end":{"line":57,"column":43}}]},"6":{"line":61,"type":"switch","locations":[{"start":{"line":68,"column":4},"end":{"line":150,"column":14},"skip":true},{"start":{"line":156,"column":4},"end":{"line":324,"column":14},"skip":true}]},"7":{"line":70,"type":"if","locations":[{"start":{"line":70,"column":12},"end":{"line":70,"column":12},"skip":true},{"start":{"line":70,"column":12},"end":{"line":70,"column":12},"skip":true}]},"8":{"line":70,"type":"binary-expr","locations":[{"start":{"line":70,"column":16},"end":{"line":70,"column":22},"skip":true},{"start":{"line":70,"column":27},"end":{"line":70,"column":32},"skip":true},{"start":{"line":71,"column":20},"end":{"line":71,"column":39},"skip":true},{"start":{"line":72,"column":20},"end":{"line":72,"column":49},"skip":true},{"start":{"line":73,"column":20},"end":{"line":73,"column":58},"skip":true},{"start":{"line":74,"column":20},"end":{"line":74,"column":69},"skip":true}]},"9":{"line":79,"type":"switch","locations":[{"start":{"line":80,"column":20},"end":{"line":80,"column":33},"skip":true},{"start":{"line":81,"column":20},"end":{"line":83,"column":30},"skip":true},{"start":{"line":84,"column":20},"end":{"line":85,"column":49},"skip":true}]},"10":{"line":89,"type":"switch","locations":[{"start":{"line":90,"column":12},"end":{"line":103,"column":22},"skip":true},{"start":{"line":105,"column":12},"end":{"line":106,"column":22},"skip":true}]},"11":{"line":89,"type":"binary-expr","locations":[{"start":{"line":89,"column":20},"end":{"line":89,"column":25},"skip":true},{"start":{"line":89,"column":29},"end":{"line":89,"column":48},"skip":true},{"start":{"line":89,"column":52},"end":{"line":89,"column":74},"skip":true}]},"12":{"line":92,"type":"if","locations":[{"start":{"line":92,"column":16},"end":{"line":92,"column":16},"skip":true},{"start":{"line":92,"column":16},"end":{"line":92,"column":16},"skip":true}]},"13":{"line":108,"type":"if","locations":[{"start":{"line":108,"column":12},"end":{"line":108,"column":12},"skip":true},{"start":{"line":108,"column":12},"end":{"line":108,"column":12},"skip":true}]},"14":{"line":108,"type":"binary-expr","locations":[{"start":{"line":108,"column":16},"end":{"line":108,"column":61},"skip":true},{"start":{"line":108,"column":66},"end":{"line":108,"column":72},"skip":true},{"start":{"line":108,"column":77},"end":{"line":108,"column":82},"skip":true},{"start":{"line":109,"column":20},"end":{"line":109,"column":39},"skip":true},{"start":{"line":110,"column":20},"end":{"line":110,"column":49},"skip":true},{"start":{"line":111,"column":20},"end":{"line":111,"column":58},"skip":true},{"start":{"line":112,"column":20},"end":{"line":112,"column":68},"skip":true}]},"15":{"line":129,"type":"if","locations":[{"start":{"line":129,"column":16},"end":{"line":129,"column":16},"skip":true},{"start":{"line":129,"column":16},"end":{"line":129,"column":16},"skip":true}]},"16":{"line":134,"type":"cond-expr","locations":[{"start":{"line":135,"column":26},"end":{"line":135,"column":29},"skip":true},{"start":{"line":136,"column":26},"end":{"line":136,"column":54},"skip":true}]},"17":{"line":164,"type":"binary-expr","locations":[{"start":{"line":164,"column":27},"end":{"line":164,"column":43},"skip":true},{"start":{"line":164,"column":47},"end":{"line":164,"column":49},"skip":true}]},"18":{"line":258,"type":"if","locations":[{"start":{"line":258,"column":8},"end":{"line":258,"column":8},"skip":true},{"start":{"line":258,"column":8},"end":{"line":258,"column":8},"skip":true}]},"19":{"line":275,"type":"switch","locations":[{"start":{"line":276,"column":20},"end":{"line":277,"column":64},"skip":true},{"start":{"line":278,"column":20},"end":{"line":279,"column":40},"skip":true},{"start":{"line":280,"column":20},"end":{"line":281,"column":40},"skip":true},{"start":{"line":282,"column":20},"end":{"line":283,"column":39},"skip":true}]},"20":{"line":288,"type":"if","locations":[{"start":{"line":288,"column":8},"end":{"line":288,"column":8},"skip":true},{"start":{"line":288,"column":8},"end":{"line":288,"column":8},"skip":true}]},"21":{"line":288,"type":"binary-expr","locations":[{"start":{"line":288,"column":12},"end":{"line":288,"column":40},"skip":true},{"start":{"line":288,"column":44},"end":{"line":288,"column":67},"skip":true}]},"22":{"line":292,"type":"binary-expr","locations":[{"start":{"line":292,"column":12},"end":{"line":292,"column":50},"skip":true},{"start":{"line":293,"column":12},"end":{"line":293,"column":53},"skip":true}]},"23":{"line":297,"type":"binary-expr","locations":[{"start":{"line":297,"column":12},"end":{"line":297,"column":65},"skip":true},{"start":{"line":298,"column":12},"end":{"line":301,"column":36},"skip":true}]},"24":{"line":303,"type":"binary-expr","locations":[{"start":{"line":303,"column":43},"end":{"line":303,"column":75},"skip":true},{"start":{"line":303,"column":79},"end":{"line":303,"column":81},"skip":true}]},"25":{"line":306,"type":"if","locations":[{"start":{"line":306,"column":8},"end":{"line":306,"column":8},"skip":true},{"start":{"line":306,"column":8},"end":{"line":306,"column":8},"skip":true}]},"26":{"line":310,"type":"if","locations":[{"start":{"line":310,"column":8},"end":{"line":310,"column":8},"skip":true},{"start":{"line":310,"column":8},"end":{"line":310,"column":8},"skip":true}]},"27":{"line":313,"type":"binary-expr","locations":[{"start":{"line":313,"column":27},"end":{"line":313,"column":43},"skip":true},{"start":{"line":313,"column":47},"end":{"line":313,"column":53},"skip":true}]},"28":{"line":317,"type":"if","locations":[{"start":{"line":317,"column":12},"end":{"line":317,"column":12},"skip":true},{"start":{"line":317,"column":12},"end":{"line":317,"column":12},"skip":true}]}},"code":["/*","example.js","","quickstart example","","instruction","    1. save this script as example.js","    2. run the shell command:","        $ npm install npmtest-selectn && PORT=8081 node example.js","    3. play with the browser-demo on http://127.0.0.1:8081","*/","","","","/* istanbul instrument in package npmtest_selectn */","/*jslint","    bitwise: true,","    browser: true,","    maxerr: 8,","    maxlen: 96,","    node: true,","    nomen: true,","    regexp: true,","    stupid: true","*/","(function () {","    'use strict';","    var local;","","","","    // run shared js-env code - pre-init","    (function () {","        // init local","        local = {};","        // init modeJs","        local.modeJs = (function () {","            try {","                return typeof navigator.userAgent === 'string' &&","                    typeof document.querySelector('body') === 'object' &&","                    typeof XMLHttpRequest.prototype.open === 'function' &&","                    'browser';","            } catch (errorCaughtBrowser) {","                return module.exports &&","                    typeof process.versions.node === 'string' &&","                    typeof require('http').createServer === 'function' &&","                    'node';","            }","        }());","        // init global","        local.global = local.modeJs === 'browser'","            ? window","            : global;","        // init utility2_rollup","        local = local.global.utility2_rollup || (local.modeJs === 'browser'","            ? local.global.utility2_npmtest_selectn","            : global.utility2_moduleExports);","        // export local","        local.global.local = local;","    }());","    switch (local.modeJs) {","","","","    // post-init","    // run browser js-env code - post-init","    /* istanbul ignore next */","    case 'browser':","        local.testRunBrowser = function (event) {","            if (!event || (event &&","                    event.currentTarget &&","                    event.currentTarget.className &&","                    event.currentTarget.className.includes &&","                    event.currentTarget.className.includes('onreset'))) {","                // reset output","                Array.from(","                    document.querySelectorAll('body > .resettable')","                ).forEach(function (element) {","                    switch (element.tagName) {","                    case 'INPUT':","                    case 'TEXTAREA':","                        element.value = '';","                        break;","                    default:","                        element.textContent = '';","                    }","                });","            }","            switch (event && event.currentTarget && event.currentTarget.id) {","            case 'testRunButton1':","                // show tests","                if (document.querySelector('#testReportDiv1').style.display === 'none') {","                    document.querySelector('#testReportDiv1').style.display = 'block';","                    document.querySelector('#testRunButton1').textContent =","                        'hide internal test';","                    local.modeTest = true;","                    local.testRunDefault(local);","                // hide tests","                } else {","                    document.querySelector('#testReportDiv1').style.display = 'none';","                    document.querySelector('#testRunButton1').textContent = 'run internal test';","                }","                break;","            // custom-case","            default:","                break;","            }","            if (document.querySelector('#inputTextareaEval1') && (!event || (event &&","                    event.currentTarget &&","                    event.currentTarget.className &&","                    event.currentTarget.className.includes &&","                    event.currentTarget.className.includes('oneval')))) {","                // try to eval input-code","                try {","                    /*jslint evil: true*/","                    eval(document.querySelector('#inputTextareaEval1').value);","                } catch (errorCaught) {","                    console.error(errorCaught);","                }","            }","        };","        // log stderr and stdout to #outputTextareaStdout1","        ['error', 'log'].forEach(function (key) {","            console[key + '_original'] = console[key];","            console[key] = function () {","                var element;","                console[key + '_original'].apply(console, arguments);","                element = document.querySelector('#outputTextareaStdout1');","                if (!element) {","                    return;","                }","                // append text to #outputTextareaStdout1","                element.value += Array.from(arguments).map(function (arg) {","                    return typeof arg === 'string'","                        ? arg","                        : JSON.stringify(arg, null, 4);","                }).join(' ') + '\\n';","                // scroll textarea to bottom","                element.scrollTop = element.scrollHeight;","            };","        });","        // init event-handling","        ['change', 'click', 'keyup'].forEach(function (event) {","            Array.from(document.querySelectorAll('.on' + event)).forEach(function (element) {","                element.addEventListener(event, local.testRunBrowser);","            });","        });","        // run tests","        local.testRunBrowser();","        break;","","","","    // run node js-env code - post-init","    /* istanbul ignore next */","    case 'node':","        // export local","        module.exports = local;","        // require modules","        local.fs = require('fs');","        local.http = require('http');","        local.url = require('url');","        // init assets","        local.assetsDict = local.assetsDict || {};","        /* jslint-ignore-begin */","        local.assetsDict['/assets.index.template.html'] = '\\","<!doctype html>\\n\\","<html lang=\"en\">\\n\\","<head>\\n\\","<meta charset=\"UTF-8\">\\n\\","<meta name=\"viewport\" content=\"width=device-width, initial-scale=1\">\\n\\","<title>{{env.npm_package_name}} (v{{env.npm_package_version}})</title>\\n\\","<style>\\n\\","/*csslint\\n\\","    box-sizing: false,\\n\\","    universal-selector: false\\n\\","*/\\n\\","* {\\n\\","    box-sizing: border-box;\\n\\","}\\n\\","body {\\n\\","    background: #dde;\\n\\","    font-family: Arial, Helvetica, sans-serif;\\n\\","    margin: 2rem;\\n\\","}\\n\\","body > * {\\n\\","    margin-bottom: 1rem;\\n\\","}\\n\\",".utility2FooterDiv {\\n\\","    margin-top: 20px;\\n\\","    text-align: center;\\n\\","}\\n\\","</style>\\n\\","<style>\\n\\","/*csslint\\n\\","*/\\n\\","textarea {\\n\\","    font-family: monospace;\\n\\","    height: 10rem;\\n\\","    width: 100%;\\n\\","}\\n\\","textarea[readonly] {\\n\\","    background: #ddd;\\n\\","}\\n\\","</style>\\n\\","</head>\\n\\","<body>\\n\\","<!-- utility2-comment\\n\\","<div id=\"ajaxProgressDiv1\" style=\"background: #d00; height: 2px; left: 0; margin: 0; padding: 0; position: fixed; top: 0; transition: background 0.5s, width 1.5s; width: 25%;\"></div>\\n\\","utility2-comment -->\\n\\","<h1>\\n\\","<!-- utility2-comment\\n\\","    <a\\n\\","        {{#if env.npm_package_homepage}}\\n\\","        href=\"{{env.npm_package_homepage}}\"\\n\\","        {{/if env.npm_package_homepage}}\\n\\","        target=\"_blank\"\\n\\","    >\\n\\","utility2-comment -->\\n\\","        {{env.npm_package_name}} (v{{env.npm_package_version}})\\n\\","<!-- utility2-comment\\n\\","    </a>\\n\\","utility2-comment -->\\n\\","</h1>\\n\\","<h3>{{env.npm_package_description}}</h3>\\n\\","<!-- utility2-comment\\n\\","<h4><a download href=\"assets.app.js\">download standalone app</a></h4>\\n\\","<button class=\"onclick onreset\" id=\"testRunButton1\">run internal test</button><br>\\n\\","<div id=\"testReportDiv1\" style=\"display: none;\"></div>\\n\\","utility2-comment -->\\n\\","\\n\\","\\n\\","\\n\\","<label>stderr and stdout</label>\\n\\","<textarea class=\"resettable\" id=\"outputTextareaStdout1\" readonly></textarea>\\n\\","<!-- utility2-comment\\n\\","{{#if isRollup}}\\n\\","<script src=\"assets.app.js\"></script>\\n\\","{{#unless isRollup}}\\n\\","utility2-comment -->\\n\\","<script src=\"assets.utility2.rollup.js\"></script>\\n\\","<script src=\"jsonp.utility2._stateInit?callback=window.utility2._stateInit\"></script>\\n\\","<script src=\"assets.npmtest_selectn.rollup.js\"></script>\\n\\","<script src=\"assets.example.js\"></script>\\n\\","<script src=\"assets.test.js\"></script>\\n\\","<!-- utility2-comment\\n\\","{{/if isRollup}}\\n\\","utility2-comment -->\\n\\","<div class=\"utility2FooterDiv\">\\n\\","    [ this app was created with\\n\\","    <a href=\"https://github.com/kaizhu256/node-utility2\" target=\"_blank\">utility2</a>\\n\\","    ]\\n\\","</div>\\n\\","</body>\\n\\","</html>\\n\\","';","        /* jslint-ignore-end */","        if (local.templateRender) {","            local.assetsDict['/'] = local.templateRender(","                local.assetsDict['/assets.index.template.html'],","                {","                    env: local.objectSetDefault(local.env, {","                        npm_package_description: 'the greatest app in the world!',","                        npm_package_name: 'my-app',","                        npm_package_nameAlias: 'my_app',","                        npm_package_version: '0.0.1'","                    })","                }","            );","        } else {","            local.assetsDict['/'] = local.assetsDict['/assets.index.template.html']","                .replace((/\\{\\{env\\.(\\w+?)\\}\\}/g), function (match0, match1) {","                    // jslint-hack","                    String(match0);","                    switch (match1) {","                    case 'npm_package_description':","                        return 'the greatest app in the world!';","                    case 'npm_package_name':","                        return 'my-app';","                    case 'npm_package_nameAlias':","                        return 'my_app';","                    case 'npm_package_version':","                        return '0.0.1';","                    }","                });","        }","        // run the cli","        if (local.global.utility2_rollup || module !== require.main) {","            break;","        }","        local.assetsDict['/assets.example.js'] =","            local.assetsDict['/assets.example.js'] ||","            local.fs.readFileSync(__filename, 'utf8');","        // bug-workaround - long $npm_package_buildCustomOrg","        /* jslint-ignore-begin */","        local.assetsDict['/assets.npmtest_selectn.rollup.js'] =","            local.assetsDict['/assets.npmtest_selectn.rollup.js'] ||","            local.fs.readFileSync(","                local.npmtest_selectn.__dirname + '/lib.npmtest_selectn.js',","                'utf8'","            ).replace((/^#!/), '//');","        /* jslint-ignore-end */","        local.assetsDict['/favicon.ico'] = local.assetsDict['/favicon.ico'] || '';","        // if $npm_config_timeout_exit exists,","        // then exit this process after $npm_config_timeout_exit ms","        if (Number(process.env.npm_config_timeout_exit)) {","            setTimeout(process.exit, Number(process.env.npm_config_timeout_exit));","        }","        // start server","        if (local.global.utility2_serverHttp1) {","            break;","        }","        process.env.PORT = process.env.PORT || '8081';","        console.error('server starting on port ' + process.env.PORT);","        local.http.createServer(function (request, response) {","            request.urlParsed = local.url.parse(request.url);","            if (local.assetsDict[request.urlParsed.pathname] !== undefined) {","                response.end(local.assetsDict[request.urlParsed.pathname]);","                return;","            }","            response.statusCode = 404;","            response.end();","        }).listen(process.env.PORT);","        break;","    }","}());",""],"l":{"26":2,"28":2,"33":2,"35":2,"37":2,"38":2,"39":2,"44":1,"51":2,"55":2,"59":2,"61":2,"69":1,"70":2,"76":2,"79":2,"82":2,"83":2,"85":1,"89":2,"92":1,"93":1,"94":1,"96":1,"97":1,"100":1,"101":1,"103":1,"106":1,"108":2,"114":1,"116":1,"118":1,"123":1,"124":2,"125":2,"126":3,"127":3,"128":3,"129":3,"130":1,"133":3,"134":3,"139":3,"143":1,"144":3,"145":1,"149":1,"150":1,"158":1,"160":1,"161":1,"162":1,"164":1,"166":1,"258":1,"259":1,"271":1,"274":6,"275":6,"277":1,"279":2,"281":1,"283":2,"288":1,"289":1,"291":1,"296":1,"303":1,"306":1,"307":1,"310":1,"311":1,"313":1,"314":1,"315":1,"316":1,"317":1,"318":1,"319":1,"321":1,"322":1,"324":1}},"/home/travis/build/npmtest/node-npmtest-selectn/node_modules/selectn/index.js":{"path":"/home/travis/build/npmtest/node-npmtest-selectn/node_modules/selectn/index.js","s":{"1":1,"2":1,"3":1,"4":1,"5":1,"6":1,"7":1,"8":0,"9":0,"10":0,"11":0,"12":0,"13":0,"14":0,"15":0,"16":0,"17":0,"18":0},"b":{"1":[0,0],"2":[0,0],"3":[0,0],"4":[0,0]},"f":{"1":0},"fnMap":{"1":{"name":"selectn","line":26,"loc":{"start":{"line":26,"column":0},"end":{"line":26,"column":32}}}},"statementMap":{"1":{"start":{"line":3,"column":0},"end":{"line":3,"column":30}},"2":{"start":{"line":4,"column":0},"end":{"line":4,"column":39}},"3":{"start":{"line":5,"column":0},"end":{"line":5,"column":37}},"4":{"start":{"line":6,"column":0},"end":{"line":6,"column":35}},"5":{"start":{"line":7,"column":0},"end":{"line":7,"column":38}},"6":{"start":{"line":9,"column":0},"end":{"line":9,"column":32}},"7":{"start":{"line":26,"column":0},"end":{"line":44,"column":1}},"8":{"start":{"line":27,"column":2},"end":{"line":30,"column":4}},"9":{"start":{"line":32,"column":2},"end":{"line":32,"column":14}},"10":{"start":{"line":33,"column":2},"end":{"line":33,"column":80}},"11":{"start":{"line":34,"column":2},"end":{"line":34,"column":22}},"12":{"start":{"line":35,"column":2},"end":{"line":35,"column":33}},"13":{"start":{"line":37,"column":2},"end":{"line":40,"column":3}},"14":{"start":{"line":38,"column":4},"end":{"line":38,"column":42}},"15":{"start":{"line":38,"column":29},"end":{"line":38,"column":42}},"16":{"start":{"line":39,"column":4},"end":{"line":39,"column":23}},"17":{"start":{"line":42,"column":2},"end":{"line":42,"column":20}},"18":{"start":{"line":43,"column":2},"end":{"line":43,"column":48}}},"branchMap":{"1":{"line":33,"type":"cond-expr","locations":[{"start":{"line":33,"column":53},"end":{"line":33,"column":57}},{"start":{"line":33,"column":60},"end":{"line":33,"column":80}}]},"2":{"line":35,"type":"cond-expr","locations":[{"start":{"line":35,"column":18},"end":{"line":35,"column":24}},{"start":{"line":35,"column":27},"end":{"line":35,"column":33}}]},"3":{"line":38,"type":"if","locations":[{"start":{"line":38,"column":4},"end":{"line":38,"column":4}},{"start":{"line":38,"column":4},"end":{"line":38,"column":4}}]},"4":{"line":43,"type":"cond-expr","locations":[{"start":{"line":43,"column":37},"end":{"line":43,"column":42}},{"start":{"line":43,"column":45},"end":{"line":43,"column":48}}]}},"code":["'use strict'","","var curry2 = require('curry2')","var debug = require('debug')('selectn')","var dotted = require('brackets2dots')","var splits = require('dotsplit.js')","var string = Object.prototype.toString","","module.exports = curry2(selectn)","","/**"," * Curried property accessor function that resolves deeply-nested object properties via dot/bracket-notation"," * string path while mitigating `TypeErrors` via friendly and composable API."," *"," * @param {String|Array} path"," * Dot/bracket-notation string path or array."," *"," * @param {Object} object"," * Object to access."," *"," * @return {Function|*|undefined}"," * (1) returns `selectn/1` when partially applied."," * (2) returns value at path if path exists."," * (3) returns undefined if path does not exist."," */","function selectn (path, object) {","  debug('arguments:', {","    path: path,","    object: object","  })","","  var idx = -1","  var seg = string.call(path) === '[object Array]' ? path : splits(dotted(path))","  var end = seg.length","  var ref = end ? object : void 0","","  while (++idx < end) {","    if (Object(ref) !== ref) return void 0","    ref = ref[seg[idx]]","  }","","  debug('ref:', ref)","  return typeof ref === 'function' ? ref() : ref","}",""],"l":{"3":1,"4":1,"5":1,"6":1,"7":1,"9":1,"26":1,"27":0,"32":0,"33":0,"34":0,"35":0,"37":0,"38":0,"39":0,"42":0,"43":0}},"/home/travis/build/npmtest/node-npmtest-selectn/node_modules/selectn/selectn.js":{"path":"/home/travis/build/npmtest/node-npmtest-selectn/node_modules/selectn/selectn.js","s":{"1":1,"2":1,"3":1,"4":0,"5":0,"6":0,"7":0,"8":1,"9":1,"10":1,"11":16,"12":12,"13":0,"14":0,"15":0,"16":0,"17":0,"18":0,"19":0,"20":12,"21":12,"22":14,"23":14,"24":16,"25":1,"26":1,"27":1,"28":1,"29":1,"30":1,"31":1,"32":1,"33":1,"34":1,"35":1,"36":0,"37":0,"38":0,"39":0,"40":0,"41":0,"42":0,"43":0,"44":0,"45":0,"46":0,"47":1,"48":1,"49":1,"50":1,"51":1,"52":0,"53":0,"54":0,"55":0,"56":0,"57":0,"58":0,"59":1,"60":0,"61":0,"62":0,"63":0,"64":0,"65":0,"66":0,"67":0,"68":0,"69":0,"70":0,"71":0,"72":0,"73":0,"74":0,"75":1,"76":1,"77":1,"78":0,"79":0,"80":0,"81":0,"82":0,"83":0,"84":1,"85":0,"86":1,"87":0,"88":1,"89":0,"90":1,"91":1,"92":1,"93":1,"94":0,"95":0,"96":0,"97":0,"98":0,"99":0,"100":1,"101":1,"102":1,"103":1,"104":1,"105":0,"106":1,"107":1,"108":1,"109":1,"110":1,"111":0,"112":1,"113":0,"114":1,"115":1,"116":2,"117":1,"118":0,"119":1,"120":2,"121":0,"122":2,"123":1,"124":1,"125":1,"126":1,"127":1,"128":1,"129":1,"130":1,"131":1,"132":0,"133":1,"134":0,"135":1,"136":0,"137":0,"138":0,"139":0,"140":0,"141":0,"142":0,"143":0,"144":0,"145":0,"146":0,"147":0,"148":0,"149":0,"150":0,"151":0,"152":0,"153":1,"154":0,"155":1,"156":1,"157":1,"158":1,"159":0,"160":1,"161":1,"162":1,"163":1,"164":1,"165":1,"166":1,"167":1,"168":1,"169":1,"170":1,"171":1,"172":1,"173":1,"174":1,"175":1,"176":1,"177":1,"178":1,"179":1,"180":1,"181":0,"182":1,"183":1,"184":1,"185":1,"186":0,"187":0,"188":0,"189":0,"190":0,"191":0,"192":0,"193":0,"194":0,"195":0,"196":0,"197":0,"198":0,"199":0,"200":0,"201":0,"202":0,"203":0,"204":0,"205":0,"206":0,"207":0,"208":0,"209":0,"210":0,"211":0,"212":0,"213":0,"214":0,"215":0,"216":0,"217":1,"218":1,"219":1,"220":1,"221":1,"222":1,"223":1,"224":1,"225":1,"226":1,"227":1,"228":0,"229":0,"230":0,"231":0,"232":1,"233":0,"234":1,"235":1,"236":1,"237":0,"238":0,"239":1,"240":0,"241":0,"242":1,"243":1,"244":0,"245":0,"246":0,"247":1,"248":1,"249":1,"250":1,"251":1,"252":0,"253":1,"254":0,"255":1,"256":0,"257":0,"258":0,"259":0,"260":0,"261":0,"262":0,"263":0,"264":0,"265":0,"266":0,"267":0,"268":0,"269":0,"270":0,"271":0,"272":0,"273":0,"274":0,"275":0,"276":0,"277":0,"278":0,"279":0,"280":1,"281":1,"282":1,"283":1,"284":1,"285":1,"286":0,"287":0,"288":0,"289":0,"290":1,"291":0,"292":0,"293":0,"294":0,"295":0,"296":0,"297":0,"298":0,"299":0,"300":0,"301":0,"302":0,"303":0,"304":0,"305":0,"306":1,"307":0,"308":0,"309":0,"310":0,"311":0,"312":0,"313":0,"314":0,"315":0,"316":1,"317":0,"318":1,"319":0,"320":0,"321":0,"322":0,"323":0,"324":1,"325":1,"326":0,"327":0,"328":0,"329":0,"330":0,"331":1,"332":0,"333":0,"334":0,"335":0,"336":0,"337":0,"338":0,"339":0},"b":{"1":[1,0],"2":[1,1],"3":[0,0],"4":[0,0],"5":[0,0],"6":[0,0],"7":[0,0],"8":[12,4],"9":[0,12],"10":[0,0],"11":[0,0],"12":[0,0],"13":[0,0],"14":[14,0],"15":[1,1],"16":[0,0],"17":[0,0],"18":[0,0],"19":[0,0],"20":[0,0],"21":[0,0],"22":[0,0],"23":[0,0],"24":[0,0],"25":[0,0],"26":[0,0,0],"27":[0,0],"28":[0,1],"29":[0,0],"30":[0,1],"31":[0,1],"32":[0,1],"33":[0,1],"34":[1,0],"35":[0,0,0,0,0,0,0],"36":[0,0],"37":[0,0],"38":[0,0],"39":[0,0],"40":[0,0],"41":[0,0],"42":[0,0,0],"43":[1,0],"44":[0,0],"45":[0,0],"46":[0,0],"47":[0,0],"48":[0,0],"49":[0,0],"50":[0,0],"51":[0,0],"52":[0,0,0],"53":[0,1],"54":[1,1],"55":[1,0],"56":[0,0],"57":[0,0],"58":[0,0],"59":[0,0],"60":[0,0],"61":[0,0],"62":[0,0],"63":[0,0],"64":[0,0],"65":[0,0],"66":[0,0],"67":[0,0],"68":[0,0],"69":[0,0],"70":[0,0],"71":[0,0],"72":[0,0],"73":[0,0,0,0,0,0,0,0,0,0,0,0,0,0,0,0,0,0,0,0,0,0,0,0,0,0,0,0],"74":[0,0],"75":[0,0],"76":[0,0],"77":[0,0],"78":[0,0,0,0,0],"79":[0,0],"80":[0,0],"81":[0,0],"82":[0,0],"83":[0,0],"84":[0,0]},"f":{"1":1,"2":1,"3":1,"4":16,"5":14,"6":1,"7":0,"8":1,"9":0,"10":0,"11":1,"12":0,"13":0,"14":0,"15":0,"16":1,"17":0,"18":1,"19":1,"20":1,"21":0,"22":1,"23":0,"24":1,"25":2,"26":1,"27":0,"28":1,"29":0,"30":0,"31":0,"32":0,"33":0,"34":1,"35":1,"36":1,"37":1,"38":0,"39":1,"40":0,"41":0,"42":0,"43":1,"44":0,"45":1,"46":0,"47":1,"48":0,"49":0,"50":0,"51":0,"52":0,"53":0,"54":0,"55":1,"56":0,"57":0,"58":0,"59":0,"60":0,"61":1,"62":0,"63":0},"fnMap":{"1":{"name":"(anonymous_1)","line":1,"loc":{"start":{"line":1,"column":1},"end":{"line":1,"column":12}}},"2":{"name":"(anonymous_2)","line":1,"loc":{"start":{"line":1,"column":281},"end":{"line":1,"column":291}}},"3":{"name":"e","line":1,"loc":{"start":{"line":1,"column":326},"end":{"line":1,"column":343}}},"4":{"name":"s","line":1,"loc":{"start":{"line":1,"column":344},"end":{"line":1,"column":359}}},"5":{"name":"(anonymous_5)","line":1,"loc":{"start":{"line":1,"column":593},"end":{"line":1,"column":604}}},"6":{"name":"(anonymous_6)","line":1,"loc":{"start":{"line":1,"column":772},"end":{"line":1,"column":804}}},"7":{"name":"selectn","line":27,"loc":{"start":{"line":27,"column":0},"end":{"line":27,"column":32}}},"8":{"name":"(anonymous_8)","line":47,"loc":{"start":{"line":47,"column":64},"end":{"line":47,"column":96}}},"9":{"name":"filter","line":83,"loc":{"start":{"line":83,"column":0},"end":{"line":83,"column":34}}},"10":{"name":"matchall","line":105,"loc":{"start":{"line":105,"column":0},"end":{"line":105,"column":32}}},"11":{"name":"(anonymous_11)","line":131,"loc":{"start":{"line":131,"column":54},"end":{"line":131,"column":86}}},"12":{"name":"expressions","line":177,"loc":{"start":{"line":177,"column":0},"end":{"line":177,"column":42}}},"13":{"name":"isRegExp","line":201,"loc":{"start":{"line":201,"column":0},"end":{"line":201,"column":30}}},"14":{"name":"isFunction","line":215,"loc":{"start":{"line":215,"column":0},"end":{"line":215,"column":32}}},"15":{"name":"isString","line":229,"loc":{"start":{"line":229,"column":0},"end":{"line":229,"column":30}}},"16":{"name":"(anonymous_16)","line":233,"loc":{"start":{"line":233,"column":21},"end":{"line":233,"column":53}}},"17":{"name":"map","line":263,"loc":{"start":{"line":263,"column":0},"end":{"line":263,"column":24}}},"18":{"name":"(anonymous_18)","line":275,"loc":{"start":{"line":275,"column":32},"end":{"line":275,"column":64}}},"19":{"name":"curry2","line":297,"loc":{"start":{"line":297,"column":0},"end":{"line":297,"column":27}}},"20":{"name":"(anonymous_20)","line":298,"loc":{"start":{"line":298,"column":12},"end":{"line":298,"column":24}}},"21":{"name":"uncurry","line":304,"loc":{"start":{"line":304,"column":16},"end":{"line":304,"column":36}}},"22":{"name":"(anonymous_22)","line":311,"loc":{"start":{"line":311,"column":9},"end":{"line":311,"column":41}}},"23":{"name":"brackets2dots","line":348,"loc":{"start":{"line":348,"column":0},"end":{"line":348,"column":31}}},"24":{"name":"(anonymous_24)","line":354,"loc":{"start":{"line":354,"column":9},"end":{"line":354,"column":41}}},"25":{"name":"curry2","line":382,"loc":{"start":{"line":382,"column":0},"end":{"line":382,"column":27}}},"26":{"name":"(anonymous_26)","line":383,"loc":{"start":{"line":383,"column":12},"end":{"line":383,"column":24}}},"27":{"name":"uncurry","line":391,"loc":{"start":{"line":391,"column":16},"end":{"line":391,"column":36}}},"28":{"name":"(anonymous_28)","line":398,"loc":{"start":{"line":398,"column":23},"end":{"line":398,"column":55}}},"29":{"name":"useColors","line":438,"loc":{"start":{"line":438,"column":0},"end":{"line":438,"column":21}}},"30":{"name":"(anonymous_30)","line":452,"loc":{"start":{"line":452,"column":23},"end":{"line":452,"column":35}}},"31":{"name":"formatArgs","line":463,"loc":{"start":{"line":463,"column":0},"end":{"line":463,"column":22}}},"32":{"name":"(anonymous_32)","line":484,"loc":{"start":{"line":484,"column":30},"end":{"line":484,"column":46}}},"33":{"name":"log","line":505,"loc":{"start":{"line":505,"column":0},"end":{"line":505,"column":15}}},"34":{"name":"save","line":520,"loc":{"start":{"line":520,"column":0},"end":{"line":520,"column":26}}},"35":{"name":"load","line":537,"loc":{"start":{"line":537,"column":0},"end":{"line":537,"column":16}}},"36":{"name":"localstorage","line":562,"loc":{"start":{"line":562,"column":0},"end":{"line":562,"column":23}}},"37":{"name":"(anonymous_37)","line":568,"loc":{"start":{"line":568,"column":20},"end":{"line":568,"column":52}}},"38":{"name":"selectColor","line":618,"loc":{"start":{"line":618,"column":0},"end":{"line":618,"column":23}}},"39":{"name":"debug","line":630,"loc":{"start":{"line":630,"column":0},"end":{"line":630,"column":26}}},"40":{"name":"disabled","line":633,"loc":{"start":{"line":633,"column":2},"end":{"line":633,"column":22}}},"41":{"name":"enabled","line":638,"loc":{"start":{"line":638,"column":2},"end":{"line":638,"column":21}}},"42":{"name":"(anonymous_42)","line":665,"loc":{"start":{"line":665,"column":44},"end":{"line":665,"column":68}}},"43":{"name":"enable","line":704,"loc":{"start":{"line":704,"column":0},"end":{"line":704,"column":28}}},"44":{"name":"disable","line":727,"loc":{"start":{"line":727,"column":0},"end":{"line":727,"column":19}}},"45":{"name":"enabled","line":739,"loc":{"start":{"line":739,"column":0},"end":{"line":739,"column":23}}},"46":{"name":"coerce","line":762,"loc":{"start":{"line":762,"column":0},"end":{"line":762,"column":21}}},"47":{"name":"(anonymous_47)","line":767,"loc":{"start":{"line":767,"column":17},"end":{"line":767,"column":49}}},"48":{"name":"dotsplit","line":794,"loc":{"start":{"line":794,"column":0},"end":{"line":794,"column":27}}},"49":{"name":"normalize","line":813,"loc":{"start":{"line":813,"column":0},"end":{"line":813,"column":28}}},"50":{"name":"todots","line":831,"loc":{"start":{"line":831,"column":0},"end":{"line":831,"column":25}}},"51":{"name":"(anonymous_51)","line":835,"loc":{"start":{"line":835,"column":39},"end":{"line":835,"column":71}}},"52":{"name":"(anonymous_52)","line":837,"loc":{"start":{"line":837,"column":17},"end":{"line":837,"column":37}}},"53":{"name":"(anonymous_53)","line":842,"loc":{"start":{"line":842,"column":10},"end":{"line":842,"column":21}}},"54":{"name":"(anonymous_54)","line":857,"loc":{"start":{"line":857,"column":10},"end":{"line":857,"column":21}}},"55":{"name":"(anonymous_55)","line":881,"loc":{"start":{"line":881,"column":10},"end":{"line":881,"column":42}}},"56":{"name":"(anonymous_56)","line":905,"loc":{"start":{"line":905,"column":17},"end":{"line":905,"column":39}}},"57":{"name":"parse","line":921,"loc":{"start":{"line":921,"column":0},"end":{"line":921,"column":20}}},"58":{"name":"short","line":974,"loc":{"start":{"line":974,"column":0},"end":{"line":974,"column":19}}},"59":{"name":"long","line":990,"loc":{"start":{"line":990,"column":0},"end":{"line":990,"column":18}}},"60":{"name":"plural","line":1002,"loc":{"start":{"line":1002,"column":0},"end":{"line":1002,"column":29}}},"61":{"name":"(anonymous_61)","line":1008,"loc":{"start":{"line":1008,"column":10},"end":{"line":1008,"column":42}}},"62":{"name":"selectn","line":1037,"loc":{"start":{"line":1037,"column":0},"end":{"line":1037,"column":24}}},"63":{"name":"accessor","line":1061,"loc":{"start":{"line":1061,"column":2},"end":{"line":1061,"column":28}}}},"statementMap":{"1":{"start":{"line":1,"column":0},"end":{"line":1081,"column":3}},"2":{"start":{"line":1,"column":13},"end":{"line":1,"column":279}},"3":{"start":{"line":1,"column":69},"end":{"line":1,"column":88}},"4":{"start":{"line":1,"column":93},"end":{"line":1,"column":279}},"5":{"start":{"line":1,"column":134},"end":{"line":1,"column":147}},"6":{"start":{"line":1,"column":152},"end":{"line":1,"column":158}},"7":{"start":{"line":1,"column":158},"end":{"line":1,"column":278}},"8":{"start":{"line":1,"column":292},"end":{"line":1,"column":318}},"9":{"start":{"line":1,"column":318},"end":{"line":1080,"column":17}},"10":{"start":{"line":1,"column":344},"end":{"line":1,"column":680}},"11":{"start":{"line":1,"column":360},"end":{"line":1,"column":660}},"12":{"start":{"line":1,"column":370},"end":{"line":1,"column":546}},"13":{"start":{"line":1,"column":380},"end":{"line":1,"column":422}},"14":{"start":{"line":1,"column":422},"end":{"line":1,"column":446}},"15":{"start":{"line":1,"column":431},"end":{"line":1,"column":446}},"16":{"start":{"line":1,"column":446},"end":{"line":1,"column":466}},"17":{"start":{"line":1,"column":451},"end":{"line":1,"column":466}},"18":{"start":{"line":1,"column":466},"end":{"line":1,"column":512}},"19":{"start":{"line":1,"column":512},"end":{"line":1,"column":545}},"20":{"start":{"line":1,"column":546},"end":{"line":1,"column":570}},"21":{"start":{"line":1,"column":570},"end":{"line":1,"column":659}},"22":{"start":{"line":1,"column":605},"end":{"line":1,"column":622}},"23":{"start":{"line":1,"column":622},"end":{"line":1,"column":637}},"24":{"start":{"line":1,"column":660},"end":{"line":1,"column":679}},"25":{"start":{"line":1,"column":680},"end":{"line":1,"column":722}},"26":{"start":{"line":1,"column":722},"end":{"line":1,"column":757}},"27":{"start":{"line":1,"column":749},"end":{"line":1,"column":757}},"28":{"start":{"line":1,"column":757},"end":{"line":1,"column":765}},"29":{"start":{"line":4,"column":0},"end":{"line":4,"column":30}},"30":{"start":{"line":5,"column":0},"end":{"line":5,"column":39}},"31":{"start":{"line":6,"column":0},"end":{"line":6,"column":37}},"32":{"start":{"line":7,"column":0},"end":{"line":7,"column":35}},"33":{"start":{"line":8,"column":0},"end":{"line":8,"column":38}},"34":{"start":{"line":10,"column":0},"end":{"line":10,"column":32}},"35":{"start":{"line":27,"column":0},"end":{"line":45,"column":1}},"36":{"start":{"line":28,"column":2},"end":{"line":31,"column":4}},"37":{"start":{"line":33,"column":2},"end":{"line":33,"column":14}},"38":{"start":{"line":34,"column":2},"end":{"line":34,"column":80}},"39":{"start":{"line":35,"column":2},"end":{"line":35,"column":22}},"40":{"start":{"line":36,"column":2},"end":{"line":36,"column":33}},"41":{"start":{"line":38,"column":2},"end":{"line":41,"column":3}},"42":{"start":{"line":39,"column":4},"end":{"line":39,"column":42}},"43":{"start":{"line":39,"column":29},"end":{"line":39,"column":42}},"44":{"start":{"line":40,"column":4},"end":{"line":40,"column":23}},"45":{"start":{"line":43,"column":2},"end":{"line":43,"column":20}},"46":{"start":{"line":44,"column":2},"end":{"line":44,"column":48}},"47":{"start":{"line":54,"column":0},"end":{"line":54,"column":30}},"48":{"start":{"line":55,"column":0},"end":{"line":55,"column":32}},"49":{"start":{"line":61,"column":0},"end":{"line":61,"column":46}},"50":{"start":{"line":67,"column":0},"end":{"line":67,"column":31}},"51":{"start":{"line":83,"column":0},"end":{"line":93,"column":1}},"52":{"start":{"line":84,"column":2},"end":{"line":84,"column":23}},"53":{"start":{"line":85,"column":2},"end":{"line":85,"column":14}},"54":{"start":{"line":86,"column":2},"end":{"line":86,"column":14}},"55":{"start":{"line":88,"column":2},"end":{"line":90,"column":3}},"56":{"start":{"line":89,"column":4},"end":{"line":89,"column":72}},"57":{"start":{"line":89,"column":53},"end":{"line":89,"column":72}},"58":{"start":{"line":92,"column":2},"end":{"line":92,"column":12}},"59":{"start":{"line":105,"column":0},"end":{"line":129,"column":1}},"60":{"start":{"line":106,"column":2},"end":{"line":106,"column":30}},"61":{"start":{"line":107,"column":2},"end":{"line":107,"column":14}},"62":{"start":{"line":108,"column":2},"end":{"line":108,"column":17}},"63":{"start":{"line":110,"column":2},"end":{"line":126,"column":3}},"64":{"start":{"line":111,"column":4},"end":{"line":111,"column":37}},"65":{"start":{"line":113,"column":4},"end":{"line":121,"column":5}},"66":{"start":{"line":114,"column":6},"end":{"line":114,"column":54}},"67":{"start":{"line":115,"column":11},"end":{"line":121,"column":5}},"68":{"start":{"line":116,"column":6},"end":{"line":116,"column":59}},"69":{"start":{"line":117,"column":11},"end":{"line":121,"column":5}},"70":{"start":{"line":118,"column":6},"end":{"line":118,"column":55}},"71":{"start":{"line":120,"column":6},"end":{"line":120,"column":61}},"72":{"start":{"line":123,"column":4},"end":{"line":125,"column":5}},"73":{"start":{"line":124,"column":6},"end":{"line":124,"column":16}},"74":{"start":{"line":128,"column":2},"end":{"line":128,"column":12}},"75":{"start":{"line":138,"column":0},"end":{"line":138,"column":32}},"76":{"start":{"line":144,"column":0},"end":{"line":144,"column":28}},"77":{"start":{"line":177,"column":0},"end":{"line":189,"column":1}},"78":{"start":{"line":178,"column":2},"end":{"line":178,"column":22}},"79":{"start":{"line":180,"column":2},"end":{"line":186,"column":3}},"80":{"start":{"line":181,"column":4},"end":{"line":181,"column":62}},"81":{"start":{"line":183,"column":4},"end":{"line":185,"column":5}},"82":{"start":{"line":184,"column":6},"end":{"line":184,"column":98}},"83":{"start":{"line":188,"column":2},"end":{"line":188,"column":20}},"84":{"start":{"line":201,"column":0},"end":{"line":203,"column":1}},"85":{"start":{"line":202,"column":2},"end":{"line":202,"column":60}},"86":{"start":{"line":215,"column":0},"end":{"line":217,"column":1}},"87":{"start":{"line":216,"column":2},"end":{"line":216,"column":62}},"88":{"start":{"line":229,"column":0},"end":{"line":231,"column":1}},"89":{"start":{"line":230,"column":2},"end":{"line":230,"column":60}},"90":{"start":{"line":240,"column":0},"end":{"line":240,"column":30}},"91":{"start":{"line":241,"column":0},"end":{"line":241,"column":32}},"92":{"start":{"line":247,"column":0},"end":{"line":247,"column":28}},"93":{"start":{"line":263,"column":0},"end":{"line":273,"column":1}},"94":{"start":{"line":264,"column":2},"end":{"line":264,"column":23}},"95":{"start":{"line":265,"column":2},"end":{"line":265,"column":14}},"96":{"start":{"line":266,"column":2},"end":{"line":266,"column":14}},"97":{"start":{"line":268,"column":2},"end":{"line":270,"column":3}},"98":{"start":{"line":269,"column":4},"end":{"line":269,"column":79}},"99":{"start":{"line":272,"column":2},"end":{"line":272,"column":12}},"100":{"start":{"line":282,"column":0},"end":{"line":282,"column":23}},"101":{"start":{"line":297,"column":0},"end":{"line":309,"column":1}},"102":{"start":{"line":298,"column":2},"end":{"line":302,"column":3}},"103":{"start":{"line":299,"column":4},"end":{"line":301,"column":33}},"104":{"start":{"line":304,"column":2},"end":{"line":306,"column":3}},"105":{"start":{"line":305,"column":4},"end":{"line":305,"column":13}},"106":{"start":{"line":308,"column":2},"end":{"line":308,"column":12}},"107":{"start":{"line":318,"column":0},"end":{"line":318,"column":31}},"108":{"start":{"line":324,"column":0},"end":{"line":324,"column":41}},"109":{"start":{"line":325,"column":0},"end":{"line":325,"column":38}},"110":{"start":{"line":348,"column":0},"end":{"line":352,"column":1}},"111":{"start":{"line":349,"column":2},"end":{"line":351,"column":11}},"112":{"start":{"line":361,"column":0},"end":{"line":361,"column":66}},"113":{"start":{"line":361,"column":30},"end":{"line":361,"column":66}},"114":{"start":{"line":367,"column":0},"end":{"line":367,"column":23}},"115":{"start":{"line":382,"column":0},"end":{"line":396,"column":1}},"116":{"start":{"line":383,"column":2},"end":{"line":389,"column":3}},"117":{"start":{"line":384,"column":4},"end":{"line":384,"column":42}},"118":{"start":{"line":384,"column":32},"end":{"line":384,"column":42}},"119":{"start":{"line":386,"column":4},"end":{"line":388,"column":35}},"120":{"start":{"line":391,"column":2},"end":{"line":393,"column":3}},"121":{"start":{"line":392,"column":4},"end":{"line":392,"column":13}},"122":{"start":{"line":395,"column":2},"end":{"line":395,"column":12}},"123":{"start":{"line":406,"column":0},"end":{"line":406,"column":46}},"124":{"start":{"line":407,"column":0},"end":{"line":407,"column":18}},"125":{"start":{"line":408,"column":0},"end":{"line":408,"column":32}},"126":{"start":{"line":409,"column":0},"end":{"line":409,"column":20}},"127":{"start":{"line":410,"column":0},"end":{"line":410,"column":20}},"128":{"start":{"line":411,"column":0},"end":{"line":411,"column":30}},"129":{"start":{"line":412,"column":0},"end":{"line":415,"column":35}},"130":{"start":{"line":421,"column":0},"end":{"line":428,"column":2}},"131":{"start":{"line":438,"column":0},"end":{"line":446,"column":1}},"132":{"start":{"line":440,"column":2},"end":{"line":445,"column":97}},"133":{"start":{"line":452,"column":0},"end":{"line":454,"column":2}},"134":{"start":{"line":453,"column":2},"end":{"line":453,"column":27}},"135":{"start":{"line":463,"column":0},"end":{"line":496,"column":1}},"136":{"start":{"line":464,"column":2},"end":{"line":464,"column":23}},"137":{"start":{"line":465,"column":2},"end":{"line":465,"column":33}},"138":{"start":{"line":467,"column":2},"end":{"line":472,"column":40}},"139":{"start":{"line":474,"column":2},"end":{"line":474,"column":30}},"140":{"start":{"line":474,"column":18},"end":{"line":474,"column":30}},"141":{"start":{"line":476,"column":2},"end":{"line":476,"column":33}},"142":{"start":{"line":477,"column":2},"end":{"line":477,"column":84}},"143":{"start":{"line":482,"column":2},"end":{"line":482,"column":16}},"144":{"start":{"line":483,"column":2},"end":{"line":483,"column":16}},"145":{"start":{"line":484,"column":2},"end":{"line":492,"column":5}},"146":{"start":{"line":485,"column":4},"end":{"line":485,"column":31}},"147":{"start":{"line":485,"column":24},"end":{"line":485,"column":31}},"148":{"start":{"line":486,"column":4},"end":{"line":486,"column":12}},"149":{"start":{"line":487,"column":4},"end":{"line":491,"column":5}},"150":{"start":{"line":490,"column":6},"end":{"line":490,"column":20}},"151":{"start":{"line":494,"column":2},"end":{"line":494,"column":27}},"152":{"start":{"line":495,"column":2},"end":{"line":495,"column":14}},"153":{"start":{"line":505,"column":0},"end":{"line":511,"column":1}},"154":{"start":{"line":508,"column":2},"end":{"line":510,"column":70}},"155":{"start":{"line":520,"column":0},"end":{"line":528,"column":1}},"156":{"start":{"line":521,"column":2},"end":{"line":527,"column":15}},"157":{"start":{"line":522,"column":4},"end":{"line":526,"column":5}},"158":{"start":{"line":523,"column":6},"end":{"line":523,"column":42}},"159":{"start":{"line":525,"column":6},"end":{"line":525,"column":41}},"160":{"start":{"line":537,"column":0},"end":{"line":543,"column":1}},"161":{"start":{"line":538,"column":2},"end":{"line":538,"column":8}},"162":{"start":{"line":539,"column":2},"end":{"line":541,"column":15}},"163":{"start":{"line":540,"column":4},"end":{"line":540,"column":30}},"164":{"start":{"line":542,"column":2},"end":{"line":542,"column":11}},"165":{"start":{"line":549,"column":0},"end":{"line":549,"column":23}},"166":{"start":{"line":562,"column":0},"end":{"line":566,"column":1}},"167":{"start":{"line":563,"column":2},"end":{"line":565,"column":16}},"168":{"start":{"line":564,"column":4},"end":{"line":564,"column":31}},"169":{"start":{"line":577,"column":0},"end":{"line":577,"column":33}},"170":{"start":{"line":578,"column":0},"end":{"line":578,"column":24}},"171":{"start":{"line":579,"column":0},"end":{"line":579,"column":26}},"172":{"start":{"line":580,"column":0},"end":{"line":580,"column":24}},"173":{"start":{"line":581,"column":0},"end":{"line":581,"column":26}},"174":{"start":{"line":582,"column":0},"end":{"line":582,"column":33}},"175":{"start":{"line":588,"column":0},"end":{"line":588,"column":19}},"176":{"start":{"line":589,"column":0},"end":{"line":589,"column":19}},"177":{"start":{"line":597,"column":0},"end":{"line":597,"column":24}},"178":{"start":{"line":603,"column":0},"end":{"line":603,"column":18}},"179":{"start":{"line":609,"column":0},"end":{"line":609,"column":13}},"180":{"start":{"line":618,"column":0},"end":{"line":620,"column":1}},"181":{"start":{"line":619,"column":2},"end":{"line":619,"column":61}},"182":{"start":{"line":630,"column":0},"end":{"line":694,"column":1}},"183":{"start":{"line":633,"column":2},"end":{"line":634,"column":3}},"184":{"start":{"line":635,"column":2},"end":{"line":635,"column":27}},"185":{"start":{"line":638,"column":2},"end":{"line":686,"column":3}},"186":{"start":{"line":640,"column":4},"end":{"line":640,"column":23}},"187":{"start":{"line":643,"column":4},"end":{"line":643,"column":27}},"188":{"start":{"line":644,"column":4},"end":{"line":644,"column":39}},"189":{"start":{"line":645,"column":4},"end":{"line":645,"column":19}},"190":{"start":{"line":646,"column":4},"end":{"line":646,"column":25}},"191":{"start":{"line":647,"column":4},"end":{"line":647,"column":21}},"192":{"start":{"line":648,"column":4},"end":{"line":648,"column":20}},"193":{"start":{"line":651,"column":4},"end":{"line":651,"column":69}},"194":{"start":{"line":651,"column":32},"end":{"line":651,"column":69}},"195":{"start":{"line":652,"column":4},"end":{"line":652,"column":73}},"196":{"start":{"line":652,"column":46},"end":{"line":652,"column":73}},"197":{"start":{"line":654,"column":4},"end":{"line":654,"column":53}},"198":{"start":{"line":656,"column":4},"end":{"line":656,"column":38}},"199":{"start":{"line":658,"column":4},"end":{"line":661,"column":5}},"200":{"start":{"line":660,"column":6},"end":{"line":660,"column":33}},"201":{"start":{"line":664,"column":4},"end":{"line":664,"column":18}},"202":{"start":{"line":665,"column":4},"end":{"line":679,"column":7}},"203":{"start":{"line":667,"column":6},"end":{"line":667,"column":39}},"204":{"start":{"line":667,"column":26},"end":{"line":667,"column":39}},"205":{"start":{"line":668,"column":6},"end":{"line":668,"column":14}},"206":{"start":{"line":669,"column":6},"end":{"line":669,"column":49}},"207":{"start":{"line":670,"column":6},"end":{"line":677,"column":7}},"208":{"start":{"line":671,"column":8},"end":{"line":671,"column":30}},"209":{"start":{"line":672,"column":8},"end":{"line":672,"column":42}},"210":{"start":{"line":675,"column":8},"end":{"line":675,"column":30}},"211":{"start":{"line":676,"column":8},"end":{"line":676,"column":16}},"212":{"start":{"line":678,"column":6},"end":{"line":678,"column":19}},"213":{"start":{"line":681,"column":4},"end":{"line":683,"column":5}},"214":{"start":{"line":682,"column":6},"end":{"line":682,"column":50}},"215":{"start":{"line":684,"column":4},"end":{"line":684,"column":72}},"216":{"start":{"line":685,"column":4},"end":{"line":685,"column":28}},"217":{"start":{"line":687,"column":2},"end
[...]
rguments.length > 1","    ? fn.call(self, arguments[0], arguments[1])","    : fn.bind(self, arguments[0])","  }","","  out.uncurry = function uncurry () {","    return fn","  }","","  return out","}","","},{}],6:[function(require,module,exports){","'use strict';","","/*!"," * exports."," */","","module.exports = brackets2dots;","","/*!"," * regexp patterns."," */","","var REPLACE_BRACKETS = /\\[([^\\[\\]]+)\\]/g;","var LFT_RT_TRIM_DOTS = /^[.]*|[.]*$/g;","","/**"," * Convert string with bracket notation to dot property notation."," *"," * ### Examples:"," *"," *      brackets2dots('group[0].section.a.seat[3]')"," *      //=> 'group.0.section.a.seat.3'"," *"," *      brackets2dots('[0].section.a.seat[3]')"," *      //=> '0.section.a.seat.3'"," *"," *      brackets2dots('people[*].age')"," *      //=> 'people.*.age'"," *"," * @param  {String} string"," * original string"," *"," * @return {String}"," * dot/bracket-notation string"," */","","function brackets2dots(string) {","  return ({}).toString.call(string) == '[object String]'","       ? string.replace(REPLACE_BRACKETS, '.$1').replace(LFT_RT_TRIM_DOTS, '')","       : ''","}","","},{}],7:[function(require,module,exports){","'use strict'","","/*!"," * imports."," */","","if (!Function.prototype.bind) Function.bind = require('fast-bind')","","/*!"," * exports."," */","","module.exports = curry2","","/**"," * Curry a binary function."," *"," * @param {Function} fn"," * Binary function to curry."," *"," * @param {Object} [self]"," * Function `this` context."," *"," * @return {Function|*}"," * If partially applied, return unary function, otherwise, return result of full application."," */","","function curry2 (fn, self) {","  var out = function () {","    if (arguments.length === 0) return out","","    return arguments.length > 1","      ? fn.apply(self, arguments)","      : fn.bind(self, arguments[0])","  }","","  out.uncurry = function uncurry () {","    return fn","  }","","  return out","}","","},{\"fast-bind\":11}],8:[function(require,module,exports){","","/**"," * This is the web browser implementation of `debug()`."," *"," * Expose `debug()` as the module."," */","","exports = module.exports = require('./debug');","exports.log = log;","exports.formatArgs = formatArgs;","exports.save = save;","exports.load = load;","exports.useColors = useColors;","exports.storage = 'undefined' != typeof chrome","               && 'undefined' != typeof chrome.storage","                  ? chrome.storage.local","                  : localstorage();","","/**"," * Colors."," */","","exports.colors = [","  'lightseagreen',","  'forestgreen',","  'goldenrod',","  'dodgerblue',","  'darkorchid',","  'crimson'","];","","/**"," * Currently only WebKit-based Web Inspectors, Firefox >= v31,"," * and the Firebug extension (any Firefox version) are known"," * to support \"%c\" CSS customizations."," *"," * TODO: add a `localStorage` variable to explicitly enable/disable colors"," */","","function useColors() {","  // is webkit? http://stackoverflow.com/a/16459606/376773","  return ('WebkitAppearance' in document.documentElement.style) ||","    // is firebug? http://stackoverflow.com/a/398120/376773","    (window.console && (console.firebug || (console.exception && console.table))) ||","    // is firefox >= v31?","    // https://developer.mozilla.org/en-US/docs/Tools/Web_Console#Styling_messages","    (navigator.userAgent.toLowerCase().match(/firefox\\/(\\d+)/) && parseInt(RegExp.$1, 10) >= 31);","}","","/**"," * Map %j to `JSON.stringify()`, since no Web Inspectors do that by default."," */","","exports.formatters.j = function(v) {","  return JSON.stringify(v);","};","","","/**"," * Colorize log arguments if enabled."," *"," * @api public"," */","","function formatArgs() {","  var args = arguments;","  var useColors = this.useColors;","","  args[0] = (useColors ? '%c' : '')","    + this.namespace","    + (useColors ? ' %c' : ' ')","    + args[0]","    + (useColors ? '%c ' : ' ')","    + '+' + exports.humanize(this.diff);","","  if (!useColors) return args;","","  var c = 'color: ' + this.color;","  args = [args[0], c, 'color: inherit'].concat(Array.prototype.slice.call(args, 1));","","  // the final \"%c\" is somewhat tricky, because there could be other","  // arguments passed either before or after the %c, so we need to","  // figure out the correct index to insert the CSS into","  var index = 0;","  var lastC = 0;","  args[0].replace(/%[a-z%]/g, function(match) {","    if ('%%' === match) return;","    index++;","    if ('%c' === match) {","      // we only are interested in the *last* %c","      // (the user may have provided their own)","      lastC = index;","    }","  });","","  args.splice(lastC, 0, c);","  return args;","}","","/**"," * Invokes `console.log()` when available."," * No-op when `console.log` is not a \"function\"."," *"," * @api public"," */","","function log() {","  // this hackery is required for IE8/9, where","  // the `console.log` function doesn't have 'apply'","  return 'object' === typeof console","    && console.log","    && Function.prototype.apply.call(console.log, console, arguments);","}","","/**"," * Save `namespaces`."," *"," * @param {String} namespaces"," * @api private"," */","","function save(namespaces) {","  try {","    if (null == namespaces) {","      exports.storage.removeItem('debug');","    } else {","      exports.storage.debug = namespaces;","    }","  } catch(e) {}","}","","/**"," * Load `namespaces`."," *"," * @return {String} returns the previously persisted debug modes"," * @api private"," */","","function load() {","  var r;","  try {","    r = exports.storage.debug;","  } catch(e) {}","  return r;","}","","/**"," * Enable namespaces listed in `localStorage.debug` initially."," */","","exports.enable(load());","","/**"," * Localstorage attempts to return the localstorage."," *"," * This is necessary because safari throws"," * when a user disables cookies/localstorage"," * and you attempt to access it."," *"," * @return {LocalStorage}"," * @api private"," */","","function localstorage(){","  try {","    return window.localStorage;","  } catch (e) {}","}","","},{\"./debug\":9}],9:[function(require,module,exports){","","/**"," * This is the common logic for both the Node.js and web browser"," * implementations of `debug()`."," *"," * Expose `debug()` as the module."," */","","exports = module.exports = debug;","exports.coerce = coerce;","exports.disable = disable;","exports.enable = enable;","exports.enabled = enabled;","exports.humanize = require('ms');","","/**"," * The currently active debug mode names, and names to skip."," */","","exports.names = [];","exports.skips = [];","","/**"," * Map of special \"%n\" handling functions, for the debug \"format\" argument."," *"," * Valid key names are a single, lowercased letter, i.e. \"n\"."," */","","exports.formatters = {};","","/**"," * Previously assigned color."," */","","var prevColor = 0;","","/**"," * Previous log timestamp."," */","","var prevTime;","","/**"," * Select a color."," *"," * @return {Number}"," * @api private"," */","","function selectColor() {","  return exports.colors[prevColor++ % exports.colors.length];","}","","/**"," * Create a debugger with the given `namespace`."," *"," * @param {String} namespace"," * @return {Function}"," * @api public"," */","","function debug(namespace) {","","  // define the `disabled` version","  function disabled() {","  }","  disabled.enabled = false;","","  // define the `enabled` version","  function enabled() {","","    var self = enabled;","","    // set `diff` timestamp","    var curr = +new Date();","    var ms = curr - (prevTime || curr);","    self.diff = ms;","    self.prev = prevTime;","    self.curr = curr;","    prevTime = curr;","","    // add the `color` if not set","    if (null == self.useColors) self.useColors = exports.useColors();","    if (null == self.color && self.useColors) self.color = selectColor();","","    var args = Array.prototype.slice.call(arguments);","","    args[0] = exports.coerce(args[0]);","","    if ('string' !== typeof args[0]) {","      // anything else let's inspect with %o","      args = ['%o'].concat(args);","    }","","    // apply any `formatters` transformations","    var index = 0;","    args[0] = args[0].replace(/%([a-z%])/g, function(match, format) {","      // if we encounter an escaped % then don't increase the array index","      if (match === '%%') return match;","      index++;","      var formatter = exports.formatters[format];","      if ('function' === typeof formatter) {","        var val = args[index];","        match = formatter.call(self, val);","","        // now we need to remove `args[index]` since it's inlined in the `format`","        args.splice(index, 1);","        index--;","      }","      return match;","    });","","    if ('function' === typeof exports.formatArgs) {","      args = exports.formatArgs.apply(self, args);","    }","    var logFn = enabled.log || exports.log || console.log.bind(console);","    logFn.apply(self, args);","  }","  enabled.enabled = true;","","  var fn = exports.enabled(namespace) ? enabled : disabled;","","  fn.namespace = namespace;","","  return fn;","}","","/**"," * Enables a debug mode by namespaces. This can include modes"," * separated by a colon and wildcards."," *"," * @param {String} namespaces"," * @api public"," */","","function enable(namespaces) {","  exports.save(namespaces);","","  var split = (namespaces || '').split(/[\\s,]+/);","  var len = split.length;","","  for (var i = 0; i < len; i++) {","    if (!split[i]) continue; // ignore empty strings","    namespaces = split[i].replace(/\\*/g, '.*?');","    if (namespaces[0] === '-') {","      exports.skips.push(new RegExp('^' + namespaces.substr(1) + '$'));","    } else {","      exports.names.push(new RegExp('^' + namespaces + '$'));","    }","  }","}","","/**"," * Disable debug output."," *"," * @api public"," */","","function disable() {","  exports.enable('');","}","","/**"," * Returns true if the given mode name is enabled, false otherwise."," *"," * @param {String} name"," * @return {Boolean}"," * @api public"," */","","function enabled(name) {","  var i, len;","  for (i = 0, len = exports.skips.length; i < len; i++) {","    if (exports.skips[i].test(name)) {","      return false;","    }","  }","  for (i = 0, len = exports.names.length; i < len; i++) {","    if (exports.names[i].test(name)) {","      return true;","    }","  }","  return false;","}","","/**"," * Coerce `val`."," *"," * @param {Mixed} val"," * @return {Mixed}"," * @api private"," */","","function coerce(val) {","  if (val instanceof Error) return val.stack || val.message;","  return val;","}","","},{\"ms\":12}],10:[function(require,module,exports){","'use strict'","","/*!"," * imports."," */","","var dotted = require('arraymap')(todots)","var compact = require('array.filter')(String)","var toString = Object.prototype.toString","","/*!"," * exports."," */","","module.exports = dotsplit","","/**"," * Transform dot-delimited strings to array of strings."," *"," * @param  {String} string"," * Dot-delimited string."," *"," * @return {Array}"," * Array of strings."," */","","function dotsplit (string) {","  return dotted(normalize(string))","}","","/**"," * Normalize string by:"," *"," * (1) Dropping falsey values (empty, null, etc.)"," * (2) Replacing escapes with a placeholder."," * (3) Splitting string on `.` delimiter."," * (4) Dropping empty values from resulting array."," *"," * @param  {String} string"," * Dot-delimited string."," *"," * @return {Array}"," * Array of strings."," */","","function normalize (string) {","  return compact(","    (toString.call(string) === '[object String]' ? string : '')","    .replace(/\\\\\\./g, '\\uffff')","    .split('.')","  )","}","","/**"," * Change placeholder to dots."," *"," * @param  {String} string"," * Dot-delimited string with placeholders."," *"," * @return {String}"," * Dot-delimited string without placeholders."," */","","function todots (string) {","  return string.replace(/\\uffff/g, '.')","}","","},{\"array.filter\":2,\"arraymap\":4}],11:[function(require,module,exports){","'use strict';","module.exports = function(boundThis) {","  var f = this","    , ret","","  if (arguments.length < 2)","    ret = function() {","      if (this instanceof ret) {","        var ret_ = f.apply(this, arguments)","        return Object(ret_) === ret_","          ? ret_","          : this","      }","      else","        return f.apply(boundThis, arguments)","    }","  else {","    var boundArgs = new Array(arguments.length - 1)","    for (var i = 1; i < arguments.length; i++)","      boundArgs[i - 1] = arguments[i]","","    ret = function() {","      var boundLen = boundArgs.length","        , args = new Array(boundLen + arguments.length)","        , i","      for (i = 0; i < boundLen; i++)","        args[i] = boundArgs[i]","      for (i = 0; i < arguments.length; i++)","        args[boundLen + i] = arguments[i]","","      if (this instanceof ret) {","        var ret_ = f.apply(this, args)","        return Object(ret_) === ret_","          ? ret_","          : this","      }","      else","        return f.apply(boundThis, args)","    }","  }","","  ret.prototype = f.prototype","  return ret","}","","},{}],12:[function(require,module,exports){","/**"," * Helpers."," */","","var s = 1000;","var m = s * 60;","var h = m * 60;","var d = h * 24;","var y = d * 365.25;","","/**"," * Parse or format the given `val`."," *"," * Options:"," *"," *  - `long` verbose formatting [false]"," *"," * @param {String|Number} val"," * @param {Object} options"," * @return {String|Number}"," * @api public"," */","","module.exports = function(val, options){","  options = options || {};","  if ('string' == typeof val) return parse(val);","  return options.long","    ? long(val)","    : short(val);","};","","/**"," * Parse the given `str` and return milliseconds."," *"," * @param {String} str"," * @return {Number}"," * @api private"," */","","function parse(str) {","  str = '' + str;","  if (str.length > 10000) return;","  var match = /^((?:\\d+)?\\.?\\d+) *(milliseconds?|msecs?|ms|seconds?|secs?|s|minutes?|mins?|m|hours?|hrs?|h|days?|d|years?|yrs?|y)?$/i.exec(str);","  if (!match) return;","  var n = parseFloat(match[1]);","  var type = (match[2] || 'ms').toLowerCase();","  switch (type) {","    case 'years':","    case 'year':","    case 'yrs':","    case 'yr':","    case 'y':","      return n * y;","    case 'days':","    case 'day':","    case 'd':","      return n * d;","    case 'hours':","    case 'hour':","    case 'hrs':","    case 'hr':","    case 'h':","      return n * h;","    case 'minutes':","    case 'minute':","    case 'mins':","    case 'min':","    case 'm':","      return n * m;","    case 'seconds':","    case 'second':","    case 'secs':","    case 'sec':","    case 's':","      return n * s;","    case 'milliseconds':","    case 'millisecond':","    case 'msecs':","    case 'msec':","    case 'ms':","      return n;","  }","}","","/**"," * Short format for `ms`."," *"," * @param {Number} ms"," * @return {String}"," * @api private"," */","","function short(ms) {","  if (ms >= d) return Math.round(ms / d) + 'd';","  if (ms >= h) return Math.round(ms / h) + 'h';","  if (ms >= m) return Math.round(ms / m) + 'm';","  if (ms >= s) return Math.round(ms / s) + 's';","  return ms + 'ms';","}","","/**"," * Long format for `ms`."," *"," * @param {Number} ms"," * @return {String}"," * @api private"," */","","function long(ms) {","  return plural(ms, d, 'day')","    || plural(ms, h, 'hour')","    || plural(ms, m, 'minute')","    || plural(ms, s, 'second')","    || ms + ' ms';","}","","/**"," * Pluralization helper."," */","","function plural(ms, n, name) {","  if (ms < n) return;","  if (ms < n * 1.5) return Math.floor(ms / n) + ' ' + name;","  return Math.ceil(ms / n) + ' ' + name + 's';","}","","},{}],13:[function(require,module,exports){","/*!"," * exports."," */","","module.exports = selectn;","","/**"," * Select n-levels deep into an object given a dot/bracket-notation query."," * If partially applied, returns a function accepting the second argument."," *"," * ### Examples:"," *"," *      selectn('name.first', contact);"," *"," *      selectn('addresses[0].street', contact);"," *"," *      contacts.map(selectn('name.first'));"," *"," * @param  {String | Array} query"," * dot/bracket-notation query string or array of properties"," *"," * @param  {Object} object"," * object to access"," *"," * @return {Function}"," * accessor function that accepts an object to be queried"," */","","function selectn(query) {","  var parts;","","  if (Array.isArray(query)) {","    parts = query;","  }","  else {","    // normalize query to `.property` access (i.e. `a.b[0]` becomes `a.b.0`)","    query = query.replace(/\\[(\\d+)\\]/g, '.$1');","    parts = query.split('.');","  }","","  /**","   * Accessor function that accepts an object to be queried","   *","   * @private","   *","   * @param  {Object} object","   * object to access","   *","   * @return {Mixed}","   * value at given reference or undefined if it does not exist","   */","","  function accessor(object) {","    var ref = (object != null) ? object : (1, eval)('this');","    var len = parts.length;","    var idx = 0;","","    // iteratively save each segment's reference","    for (; idx < len; idx += 1) {","      if (ref != null) ref = ref[parts[idx]];","    }","","    return ref;","  }","","  // curry accessor function allowing partial application","  return arguments.length > 1","       ? accessor(arguments[1])","       : accessor;","}","","},{}]},{},[1])(1)","});"],"l":{"1":16,"4":1,"5":1,"6":1,"7":1,"8":1,"10":1,"27":1,"28":0,"33":0,"34":0,"35":0,"36":0,"38":0,"39":0,"40":0,"43":0,"44":0,"54":1,"55":1,"61":1,"67":1,"83":1,"84":0,"85":0,"86":0,"88":0,"89":0,"92":0,"105":1,"106":0,"107":0,"108":0,"110":0,"111":0,"113":0,"114":0,"115":0,"116":0,"117":0,"118":0,"120":0,"123":0,"124":0,"128":0,"138":1,"144":1,"177":1,"178":0,"180":0,"181":0,"183":0,"184":0,"188":0,"201":1,"202":0,"215":1,"216":0,"229":1,"230":0,"240":1,"241":1,"247":1,"263":1,"264":0,"265":0,"266":0,"268":0,"269":0,"272":0,"282":1,"297":1,"298":1,"299":1,"304":1,"305":0,"308":1,"318":1,"324":1,"325":1,"348":1,"349":0,"361":1,"367":1,"382":1,"383":2,"384":1,"386":1,"391":2,"392":0,"395":2,"406":1,"407":1,"408":1,"409":1,"410":1,"411":1,"412":1,"421":1,"438":1,"440":0,"452":1,"453":0,"463":1,"464":0,"465":0,"467":0,"474":0,"476":0,"477":0,"482":0,"483":0,"484":0,"485":0,"486":0,"487":0,"490":0,"494":0,"495":0,"505":1,"508":0,"520":1,"521":1,"522":1,"523":1,"525":0,"537":1,"538":1,"539":1,"540":1,"542":1,"549":1,"562":1,"563":1,"564":1,"577":1,"578":1,"579":1,"580":1,"581":1,"582":1,"588":1,"589":1,"597":1,"603":1,"609":1,"618":1,"619":0,"630":1,"633":1,"635":1,"638":1,"640":0,"643":0,"644":0,"645":0,"646":0,"647":0,"648":0,"651":0,"652":0,"654":0,"656":0,"658":0,"660":0,"664":0,"665":0,"667":0,"668":0,"669":0,"670":0,"671":0,"672":0,"675":0,"676":0,"678":0,"681":0,"682":0,"684":0,"685":0,"687":1,"689":1,"691":1,"693":1,"704":1,"705":1,"707":1,"708":1,"710":1,"711":1,"712":0,"713":0,"714":0,"716":0,"727":1,"728":0,"739":1,"740":1,"741":1,"742":0,"743":0,"746":1,"747":0,"748":0,"751":1,"762":1,"763":0,"764":0,"774":1,"775":1,"776":1,"782":1,"794":1,"795":0,"813":1,"814":0,"831":1,"832":0,"837":0,"838":0,"841":0,"842":0,"843":0,"844":0,"845":0,"850":0,"853":0,"854":0,"855":0,"857":0,"858":0,"861":0,"862":0,"863":0,"864":0,"866":0,"867":0,"868":0,"873":0,"877":0,"878":0,"886":1,"887":1,"888":1,"889":1,"890":1,"905":1,"906":0,"907":0,"908":0,"921":1,"922":0,"923":0,"924":0,"925":0,"926":0,"927":0,"928":0,"934":0,"938":0,"944":0,"950":0,"956":0,"962":0,"974":1,"975":0,"976":0,"977":0,"978":0,"979":0,"990":1,"991":0,"1002":1,"1003":0,"1004":0,"1005":0,"1013":1,"1037":1,"1038":0,"1040":0,"1041":0,"1045":0,"1046":0,"1061":1,"1062":0,"1063":0,"1064":0,"1067":0,"1068":0,"1071":0,"1075":0}}}